<?xml version="1.0" encoding="utf-8"?><testsuites name="pytest tests"><testsuite name="pytest" errors="0" failures="0" skipped="0" tests="13" time="6.801" timestamp="2026-09-02T17:20:26.293904+00:00" hostname="agent-env-e665dea7-3862-4058-b650-3e12232d4e49"><testcase classname="tests.test_fb01_ai_illustration.TestStatus" name="test_status_demo_mode" time="0.562" /><testcase classname="tests.test_fb01_ai_illustration.TestIllustrateMockup" name="test_mockup_creates_ai_illustration_file" time="1.192" /><testcase classname="tests.test_fb01_ai_illustration.TestValidation" name="test_modify_without_artwork_400" time="0.130" /><testcase classname="tests.test_fb01_ai_illustration.TestValidation" name="test_mockup_without_artwork_ok_text_only" time="0.439" /><testcase classname="tests.test_fb01_ai_illustration.TestValidation" name="test_invalid_mode_400" time="0.171" /><testcase classname="tests.test_fb01_ai_illustration.TestValidation" name="test_short_prompt_422" time="0.134" /><testcase classname="tests.test_fb01_ai_illustration.TestValidation" name="test_invalid_source_file_400" time="0.148" /><testcase classname="tests.test_fb01_ai_illustration.TestSubmitGate" name="test_submit_with_only_ai_illustration_fails" time="0.618" /><testcase classname="tests.test_fb01_ai_illustration.TestIntegrations" name="test_gemini_section_present" time="0.171" /><testcase classname="tests.test_fb01_ai_illustration.TestIntegrations" name="test_disable_then_restore" time="0.759" /><testcase classname="tests.test_fb01_ai_illustration.TestIntegrations" name="test_set_and_clear_key" time="0.836" /><testcase classname="tests.test_fb01_ai_illustration.TestRBAC" name="test_designer_can_illustrate" time="0.830" /><testcase classname="tests.test_fb01_ai_illustration.TestRBAC" name="test_sales_forbidden" time="0.740" /></testsuite></testsuites>