<?xml version="1.0" encoding="utf-8"?><testsuites name="pytest tests"><testsuite name="pytest" errors="0" failures="0" skipped="14" tests="29" time="4.342" timestamp="2026-09-02T18:09:12.787202+00:00" hostname="agent-env-e665dea7-3862-4058-b650-3e12232d4e49"><testcase classname="tests.test_fb02_logistics.TestLogisticsRead" name="test_meta" time="0.731" /><testcase classname="tests.test_fb02_logistics.TestLogisticsRead" name="test_summary" time="0.126" /><testcase classname="tests.test_fb02_logistics.TestLogisticsRead" name="test_unassigned" time="0.111" /><testcase classname="tests.test_fb02_logistics.TestLogisticsRead" name="test_list_deliveries" time="0.151" /><testcase classname="tests.test_fb02_logistics.TestCreate" name="test_create_ok" time="0.130"><skipped type="pytest.skip" message="no unassigned shipment available">/app/backend/tests/test_fb02_logistics.py:118: no unassigned shipment available</skipped></testcase><testcase classname="tests.test_fb02_logistics.TestCreate" name="test_reuse_shipment_400" time="0.000"><skipped type="pytest.skip" message="no unassigned shipment available">/app/backend/tests/test_fb02_logistics.py:131: no unassigned shipment available</skipped></testcase><testcase classname="tests.test_fb02_logistics.TestCreate" name="test_empty_shipments" time="0.112" /><testcase classname="tests.test_fb02_logistics.TestCreate" name="test_invalid_mode" time="0.000"><skipped type="pytest.skip" message="no unassigned shipment available">/app/backend/tests/test_fb02_logistics.py:141: no unassigned shipment available</skipped></testcase><testcase classname="tests.test_fb02_logistics.TestCreate" name="test_unknown_shipment" time="0.119" /><testcase classname="tests.test_fb02_logistics.TestFlowGates" name="test_position_before_loaded_400" time="0.000"><skipped type="pytest.skip" message="no unassigned shipment available">/app/backend/tests/test_fb02_logistics.py:152: no unassigned shipment available</skipped></testcase><testcase classname="tests.test_fb02_logistics.TestFlowGates" name="test_loaded_requires_load_photo" time="0.000"><skipped type="pytest.skip" message="no unassigned shipment available">/app/backend/tests/test_fb02_logistics.py:157: no unassigned shipment available</skipped></testcase><testcase classname="tests.test_fb02_logistics.TestFlowGates" name="test_upload_load_photo_then_loaded" time="0.000"><skipped type="pytest.skip" message="no unassigned shipment available">/app/backend/tests/test_fb02_logistics.py:162: no unassigned shipment available</skipped></testcase><testcase classname="tests.test_fb02_logistics.TestFlowGates" name="test_in_transit_requires_tracking_no" time="0.000"><skipped type="pytest.skip" message="no unassigned shipment available">/app/backend/tests/test_fb02_logistics.py:180: no unassigned shipment available</skipped></testcase><testcase classname="tests.test_fb02_logistics.TestFlowGates" name="test_position" time="0.000"><skipped type="pytest.skip" message="no unassigned shipment available">/app/backend/tests/test_fb02_logistics.py:189: no unassigned shipment available</skipped></testcase><testcase classname="tests.test_fb02_logistics.TestFlowGates" name="test_invalid_transition_skip" time="0.000"><skipped type="pytest.skip" message="no unassigned shipment available">/app/backend/tests/test_fb02_logistics.py:196: no unassigned shipment available</skipped></testcase><testcase classname="tests.test_fb02_logistics.TestFlowGates" name="test_delivered_gates" time="0.000"><skipped type="pytest.skip" message="no unassigned shipment available">/app/backend/tests/test_fb02_logistics.py:201: no unassigned shipment available</skipped></testcase><testcase classname="tests.test_fb02_logistics.TestFlowGates" name="test_locked_after_delivered" time="0.000"><skipped type="pytest.skip" message="no unassigned shipment available">/app/backend/tests/test_fb02_logistics.py:217: no unassigned shipment available</skipped></testcase><testcase classname="tests.test_fb02_logistics.TestFlowGates" name="test_completed_then_no_further" time="0.000"><skipped type="pytest.skip" message="no unassigned shipment available">/app/backend/tests/test_fb02_logistics.py:225: no unassigned shipment available</skipped></testcase><testcase classname="tests.test_fb02_logistics.TestRBAC" name="test_driver_can_view" time="0.572" /><testcase classname="tests.test_fb02_logistics.TestRBAC" name="test_driver_cannot_create" time="0.216" /><testcase classname="tests.test_fb02_logistics.TestRBAC" name="test_driver_cannot_list_unassigned" time="0.121" /><testcase classname="tests.test_fb02_logistics.TestRBAC" name="test_driver_update_allowed" time="0.125"><skipped type="pytest.skip" message="no unassigned shipment left for driver flow">/app/backend/tests/test_fb02_logistics.py:257: no unassigned shipment left for driver flow</skipped></testcase><testcase classname="tests.test_fb02_logistics.TestRBAC" name="test_sales_view_only" time="0.364"><skipped type="pytest.skip" message="no unassigned shipment available">/app/backend/tests/test_fb02_logistics.py:283: no unassigned shipment available</skipped></testcase><testcase classname="tests.test_fb02_logistics.TestJourney" name="test_journey_logistics" time="0.102" /><testcase classname="tests.test_fb02_logistics.TestIllustrationComments" name="test_admin_comment" time="0.113" /><testcase classname="tests.test_fb02_logistics.TestIllustrationComments" name="test_designer_comment_and_persist" time="0.719" /><testcase classname="tests.test_fb02_logistics.TestIllustrationComments" name="test_sales_forbidden" time="0.204" /><testcase classname="tests.test_fb02_logistics.TestIllustrationComments" name="test_artwork_file_rejected" time="0.111" /><testcase classname="tests.test_fb02_logistics.TestIllustrationComments" name="test_empty_text" time="0.138" /></testsuite></testsuites>