<?xml version="1.0" encoding="utf-8"?><testsuites name="pytest tests"><testsuite name="pytest" errors="0" failures="0" skipped="0" tests="22" time="6.563" timestamp="2026-09-02T12:12:48.995732+00:00" hostname="agent-env-a8e843d2-2885-4f7d-ac39-4e53379471c3"><testcase classname="tests.test_iter279_po_line_lock.TestT5Login" name="test_login[admin@kainnusantara.id]" time="0.621" /><testcase classname="tests.test_iter279_po_line_lock.TestT5Login" name="test_login[manager@kainnusantara.id]" time="0.362" /><testcase classname="tests.test_iter279_po_line_lock.TestT5Login" name="test_login[salesadmin@kainnusantara.id]" time="0.362" /><testcase classname="tests.test_iter279_po_line_lock.TestT5LineLockNegatif" name="test_T5_1_naikkan_qty_baris_diterima_ditolak" time="1.346" /><testcase classname="tests.test_iter279_po_line_lock.TestT5LineLockNegatif" name="test_T5_2_ubah_harga_baris_diterima_ditolak" time="0.129" /><testcase classname="tests.test_iter279_po_line_lock.TestT5Login" name="test_login[finance@kainnusantara.id]" time="0.362" /><testcase classname="tests.test_iter279_po_line_lock.TestT5LineLockNegatif" name="test_T5_3_ubah_diskon_baris_diterima_ditolak" time="0.244" /><testcase classname="tests.test_iter279_po_line_lock.TestT5Login" name="test_login[sales@kainnusantara.id]" time="0.375" /><testcase classname="tests.test_iter279_po_line_lock.TestT5LineLockNegatif" name="test_T5_4_ubah_satuan_baris_diterima_ditolak" time="0.361" /><testcase classname="tests.test_iter279_po_line_lock.TestT5LineLockNegatif" name="test_T5_5_turunkan_qty_di_bawah_diterima_ditolak" time="0.130" /><testcase classname="tests.test_iter279_po_line_lock.TestT5Login" name="test_login[warehouse@kainnusantara.id]" time="0.368" /><testcase classname="tests.test_iter279_po_line_lock.TestT5LineLockNegatif" name="test_T5_6_hapus_baris_diterima_ditolak" time="0.232" /><testcase classname="tests.test_iter279_po_line_lock.TestT5LineLockNegatif" name="test_T5_6b_po_tidak_berubah_setelah_semua_penolakan" time="0.365" /><testcase classname="tests.test_iter279_po_line_lock.TestT5Login" name="test_login[designer@kainnusantara.id]" time="0.357" /><testcase classname="tests.test_iter279_po_line_lock.TestT5LineLockNegatif" name="test_T5_7a_baris_utuh_plus_baris_baru_diterima" time="0.764" /><testcase classname="tests.test_iter280_makloon_partial_queue" name="test_01_detail_memuat_source_stock" time="0.659" /><testcase classname="tests.test_iter280_makloon_partial_queue" name="test_02_issue_dari_gudang_kosong_409_menuntun" time="0.469" /><testcase classname="tests.test_iter279_po_line_lock.TestT5LineLockNegatif" name="test_T5_7b_amend_tanpa_items_diterima" time="0.451" /><testcase classname="tests.test_iter280_makloon_partial_queue" name="test_03_issue_mengurangi_available" time="0.602" /><testcase classname="tests.test_iter280_makloon_partial_queue" name="test_04_terima_kurang_status_sebagian_bukan_selesai" time="0.343" /><testcase classname="tests.test_iter280_makloon_partial_queue" name="test_05_klaim_masuk_my_queue_manajer" time="0.850" /><testcase classname="tests.test_iter280_makloon_partial_queue" name="test_06_klaim_diputus_spk_selesai" time="0.449" /></testsuite></testsuites>