<?xml version="1.0" encoding="utf-8"?><testsuites name="pytest tests"><testsuite name="pytest" errors="0" failures="0" skipped="0" tests="3" time="0.896" timestamp="2026-08-30T19:38:40.999073+00:00" hostname="agent-env-6aee7024-411e-40ec-8234-335b2d60eacf"><testcase classname="tests.test_iter272_blanket_unit.TestBlanketUnitValidation" name="test_bogus_unit_rejected" time="0.661" /><testcase classname="tests.test_iter272_blanket_unit.TestBlanketUnitValidation" name="test_master_unit_accepted_and_persisted" time="0.107" /><testcase classname="tests.test_iter272_blanket_unit.TestBlanketUnitValidation" name="test_call_off_unit_mismatch_rejected" time="0.058" /></testsuite></testsuites>