<?xml version="1.0" encoding="utf-8"?><testsuites name="pytest tests"><testsuite name="pytest" errors="0" failures="0" skipped="0" tests="15" time="6.144" timestamp="2026-09-02T06:29:12.161151+00:00" hostname="agent-env-d5c9263a-82a4-4d4d-bf13-a98d2cf26d2c"><testcase classname="tests.test_iter277_gates_pin_isolation.TestT1_ConfirmGates" name="test_T1_config_verification_default_true" time="1.885" /><testcase classname="tests.test_iter277_gates_pin_isolation.TestT1_ConfirmGates" name="test_T1a_confirm_approved_not_verified_returns_409" time="0.305" /><testcase classname="tests.test_iter277_gates_pin_isolation.TestT1_ConfirmGates" name="test_T1b_confirm_waiting_approval_manager_gate" time="0.235" /><testcase classname="tests.test_iter277_gates_pin_isolation.TestT1_ConfirmGates" name="test_T1c_happy_path_verify_then_confirm" time="0.492" /><testcase classname="tests.test_iter277_gates_pin_isolation.TestT2_InternalRequests" name="test_T2a_meta_salesadmin_can_decide_and_pick_source" time="0.119" /><testcase classname="tests.test_iter277_gates_pin_isolation.TestT2_InternalRequests" name="test_T2b_list_and_detail_and_sources" time="0.437" /><testcase classname="tests.test_iter277_gates_pin_isolation.TestT2_InternalRequests" name="test_T2c_convert_creates_interco_pair" time="0.268" /><testcase classname="tests.test_iter277_gates_pin_isolation.TestT2_InternalRequests" name="test_T2d_sales_role_unchanged" time="0.416" /><testcase classname="tests.test_iter277_gates_pin_isolation.TestT3_InspectionIsolation" name="test_T3a_manager_ksc_scope_gets_404_for_kanda" time="0.360" /><testcase classname="tests.test_iter277_gates_pin_isolation.TestT3_InspectionIsolation" name="test_T3a_manager_kanda_scope_gets_200" time="0.398" /><testcase classname="tests.test_iter277_gates_pin_isolation.TestT3_InspectionIsolation" name="test_T3a_manager_all_scope_gets_200" time="0.444" /><testcase classname="tests.test_iter277_gates_pin_isolation.TestT3_InspectionIsolation" name="test_T3b_warehouse_ksc_only_404_for_kanda" time="0.110" /><testcase classname="tests.test_iter277_gates_pin_isolation.TestT3_InspectionIsolation" name="test_T3b_manager_ksc_scope_ksc_inspection_ok" time="0.221" /><testcase classname="tests.test_iter277_gates_pin_isolation.TestRegression" name="test_desk_salesadmin_has_8_queues" time="0.134" /><testcase classname="tests.test_iter277_gates_pin_isolation.TestRegression" name="test_home_manager_200" time="0.249" /></testsuite></testsuites>