<?xml version="1.0" encoding="utf-8"?><testsuites name="pytest tests"><testsuite name="pytest" errors="0" failures="0" skipped="0" tests="17" time="2.201" timestamp="2026-09-02T21:47:48.701576+00:00" hostname="agent-env-9e8cf22e-30fd-48a5-87ed-1ef292384e2e"><testcase classname="tests.test_iter292_f01_dispatch_gl" name="test_e01_reservations_visible_for_owning_entity" time="0.386" /><testcase classname="tests.test_iter292_f01_dispatch_gl" name="test_f01_dispatch_posts_revenue_and_cogs" time="0.064" /><testcase classname="tests.test_iter292_audit_fixes.TestGlSync" name="test_gl_sync_shape_and_no_vendor_bill_repost" time="0.360" /><testcase classname="tests.test_iter292_audit_fixes.TestGlSync" name="test_no_double_posting_vendor_bill_vs_subcon" time="0.003" /><testcase classname="tests.test_iter292_audit_fixes.TestArReceiptGuards" name="test_cross_customer_allocation_rejected_400" time="0.103" /><testcase classname="tests.test_iter292_audit_fixes.TestArReceiptGuards" name="test_cross_entity_allocation_rejected_403" time="0.068" /><testcase classname="tests.test_iter292_audit_fixes.TestSimulatePaymentGuard" name="test_overpay_paid_order_rejected" time="0.060" /><testcase classname="tests.test_iter292_audit_fixes.TestSimulatePaymentGuard" name="test_payments_not_exceeding_grand_total" time="0.001" /><testcase classname="tests.test_iter292_audit_fixes.TestIntercoSettlement" name="test_netting_over_reverse_receivable_rejected" time="0.061" /><testcase classname="tests.test_iter292_audit_fixes.TestIntercoSettlement" name="test_netting_within_reverse_receivable_allowed" time="0.083" /><testcase classname="tests.test_iter292_audit_fixes.TestIntercoSettlement" name="test_default_method_is_transfer" time="0.082" /><testcase classname="tests.test_iter292_audit_fixes.TestIntercoSettlement" name="test_transfer_allowed" time="0.079" /><testcase classname="tests.test_iter292_audit_fixes.TestStockBreakdownScope" name="test_reservations_scoped_and_projected" time="0.373" /><testcase classname="tests.test_iter292_audit_fixes.TestCycleCountScope" name="test_kanda_scope_excludes_ksc_sessions" time="0.058" /><testcase classname="tests.test_iter292_audit_fixes.TestCycleCountScope" name="test_detail_of_other_entity_session_404" time="0.068" /><testcase classname="tests.test_iter292_audit_fixes.TestCycleCountScope" name="test_ksc_scope_lists_sessions" time="0.058" /><testcase classname="tests.test_iter292_audit_fixes.TestDocumentPrint" name="test_generate_and_print" time="0.129" /></testsuite></testsuites>