<?xml version="1.0" encoding="utf-8"?><testsuites name="pytest tests"><testsuite name="pytest" errors="0" failures="0" skipped="0" tests="17" time="5.886" timestamp="2026-09-05T13:15:48.709991+00:00" hostname="agent-env-2fd78e2f-cbfc-4787-b4b1-89f22ae54803"><testcase classname="tests.test_iter313_audit_fixes" name="test_t02_login_cookie_flags" time="0.236" /><testcase classname="tests.test_iter313_audit_fixes" name="test_t02_auth_me_bearer" time="2.034" /><testcase classname="tests.test_iter313_audit_fixes" name="test_t02_cors_disallowed_origin" time="0.002" /><testcase classname="tests.test_iter313_audit_fixes" name="test_t02_cors_allowed_origin" time="0.001" /><testcase classname="tests.test_iter313_audit_fixes" name="test_t10_ar_receipt_rbac_before_validation" time="0.116" /><testcase classname="tests.test_iter313_audit_fixes" name="test_t10_ar_receipt_validation_for_finance" time="0.100" /><testcase classname="tests.test_iter313_audit_fixes" name="test_t11_so_approve_idempotent" time="0.306" /><testcase classname="tests.test_iter313_audit_fixes" name="test_t11_so_approve_terminal_conflict" time="0.234" /><testcase classname="tests.test_iter313_audit_fixes" name="test_t08_seed_demo_wrong_confirm" time="0.103" /><testcase classname="tests.test_iter313_audit_fixes" name="test_t09_reorder_suggestions_lifecycle" time="0.160" /><testcase classname="tests.test_iter313_audit_fixes" name="test_t03_reorder_and_stock_analytics_no_500" time="0.572" /><testcase classname="tests.test_iter313_audit_fixes" name="test_reg_login[admin]" time="0.341" /><testcase classname="tests.test_iter313_audit_fixes" name="test_reg_login[manager]" time="0.322" /><testcase classname="tests.test_iter313_audit_fixes" name="test_reg_login[finance]" time="0.325" /><testcase classname="tests.test_iter313_audit_fixes" name="test_reg_login[warehouse]" time="0.338" /><testcase classname="tests.test_iter313_audit_fixes" name="test_reg_login[sales]" time="0.362" /><testcase classname="tests.test_iter313_audit_fixes" name="test_reg_root_and_dashboard" time="0.236" /></testsuite></testsuites>