<?xml version="1.0" encoding="utf-8"?><testsuites name="pytest tests"><testsuite name="pytest" errors="0" failures="0" skipped="15" tests="27" time="7.175" timestamp="2026-09-02T14:37:59.773625+00:00" hostname="agent-env-aefe103c-1e86-46a2-85e4-ac8622afb14b"><testcase classname="tests.test_iter281_demo_wave12" name="test_AS01_setting_require_so_validation_mati" time="0.789" /><testcase classname="tests.test_iter281_demo_wave12" name="test_AS01_katalog_pengaturan_memuat_sakelar" time="0.150" /><testcase classname="tests.test_iter281_demo_wave12" name="test_MD05_proofing_tanpa_kolom_ukur" time="0.168" /><testcase classname="tests.test_iter281_demo_wave12" name="test_MD07_nama_warna_ganda_dan_pencarian" time="0.646" /><testcase classname="tests.test_iter281_demo_wave12" name="test_PB02_rekening_bank_supplier" time="0.835" /><testcase classname="tests.test_iter280_makloon_partial_queue" name="test_01_detail_memuat_source_stock" time="0.641"><skipped type="pytest.skip" message="tidak ada SPK dengan langkah pending (jalankan seed_realistic.py)">/app/backend/tests/test_iter280_makloon_partial_queue.py:57: tidak ada SPK dengan langkah pending (jalankan seed_realistic.py)</skipped></testcase><testcase classname="tests.test_iter280_makloon_partial_queue" name="test_02_issue_dari_gudang_kosong_409_menuntun" time="0.000"><skipped type="pytest.skip" message="tidak ada SPK dengan langkah pending (jalankan seed_realistic.py)">/app/backend/tests/test_iter280_makloon_partial_queue.py:64: tidak ada SPK dengan langkah pending (jalankan seed_realistic.py)</skipped></testcase><testcase classname="tests.test_iter280_makloon_partial_queue" name="test_03_issue_mengurangi_available" time="0.007"><skipped type="pytest.skip" message="tidak ada SPK dengan langkah pending (jalankan seed_realistic.py)">/app/backend/tests/test_iter280_makloon_partial_queue.py:79: tidak ada SPK dengan langkah pending (jalankan seed_realistic.py)</skipped></testcase><testcase classname="tests.test_iter280_makloon_partial_queue" name="test_04_terima_kurang_status_sebagian_bukan_selesai" time="0.000"><skipped type="pytest.skip" message="tidak ada SPK dengan langkah pending (jalankan seed_realistic.py)">/app/backend/tests/test_iter280_makloon_partial_queue.py:99: tidak ada SPK dengan langkah pending (jalankan seed_realistic.py)</skipped></testcase><testcase classname="tests.test_iter280_makloon_partial_queue" name="test_05_klaim_masuk_my_queue_manajer" time="0.453"><skipped type="pytest.skip" message="tidak ada SPK dengan langkah pending (jalankan seed_realistic.py)">/app/backend/tests/test_iter280_makloon_partial_queue.py:117: tidak ada SPK dengan langkah pending (jalankan seed_realistic.py)</skipped></testcase><testcase classname="tests.test_iter280_makloon_partial_queue" name="test_06_klaim_diputus_spk_selesai" time="0.000"><skipped type="pytest.skip" message="tidak ada SPK dengan langkah pending (jalankan seed_realistic.py)">/app/backend/tests/test_iter280_makloon_partial_queue.py:133: tidak ada SPK dengan langkah pending (jalankan seed_realistic.py)</skipped></testcase><testcase classname="tests.test_iter279_po_line_lock.TestT5LineLockNegatif" name="test_T5_1_naikkan_qty_baris_diterima_ditolak" time="0.705"><skipped type="pytest.skip" message="tidak ada PO diterima sebagian">/app/backend/tests/test_iter279_po_line_lock.py:72: tidak ada PO diterima sebagian</skipped></testcase><testcase classname="tests.test_iter279_po_line_lock.TestT5LineLockNegatif" name="test_T5_2_ubah_harga_baris_diterima_ditolak" time="0.000"><skipped type="pytest.skip" message="tidak ada PO diterima sebagian">/app/backend/tests/test_iter279_po_line_lock.py:79: tidak ada PO diterima sebagian</skipped></testcase><testcase classname="tests.test_iter279_po_line_lock.TestT5LineLockNegatif" name="test_T5_3_ubah_diskon_baris_diterima_ditolak" time="0.000"><skipped type="pytest.skip" message="tidak ada PO diterima sebagian">/app/backend/tests/test_iter279_po_line_lock.py:86: tidak ada PO diterima sebagian</skipped></testcase><testcase classname="tests.test_iter279_po_line_lock.TestT5LineLockNegatif" name="test_T5_4_ubah_satuan_baris_diterima_ditolak" time="0.000"><skipped type="pytest.skip" message="tidak ada PO diterima sebagian">/app/backend/tests/test_iter279_po_line_lock.py:92: tidak ada PO diterima sebagian</skipped></testcase><testcase classname="tests.test_iter279_po_line_lock.TestT5LineLockNegatif" name="test_T5_5_turunkan_qty_di_bawah_diterima_ditolak" time="0.000"><skipped type="pytest.skip" message="tidak ada PO diterima sebagian">/app/backend/tests/test_iter279_po_line_lock.py:101: tidak ada PO diterima sebagian</skipped></testcase><testcase classname="tests.test_iter279_po_line_lock.TestT5LineLockNegatif" name="test_T5_6_hapus_baris_diterima_ditolak" time="0.000"><skipped type="pytest.skip" message="tidak ada PO diterima sebagian">/app/backend/tests/test_iter279_po_line_lock.py:107: tidak ada PO diterima sebagian</skipped></testcase><testcase classname="tests.test_iter279_po_line_lock.TestT5LineLockNegatif" name="test_T5_6b_po_tidak_berubah_setelah_semua_penolakan" time="0.000"><skipped type="pytest.skip" message="tidak ada PO diterima sebagian">/app/backend/tests/test_iter279_po_line_lock.py:114: tidak ada PO diterima sebagian</skipped></testcase><testcase classname="tests.test_iter279_po_line_lock.TestT5LineLockNegatif" name="test_T5_7a_baris_utuh_plus_baris_baru_diterima" time="0.000"><skipped type="pytest.skip" message="tidak ada PO diterima sebagian">/app/backend/tests/test_iter279_po_line_lock.py:125: tidak ada PO diterima sebagian</skipped></testcase><testcase classname="tests.test_iter279_po_line_lock.TestT5LineLockNegatif" name="test_T5_7b_amend_tanpa_items_diterima" time="0.000"><skipped type="pytest.skip" message="tidak ada PO diterima sebagian">/app/backend/tests/test_iter279_po_line_lock.py:148: tidak ada PO diterima sebagian</skipped></testcase><testcase classname="tests.test_iter279_po_line_lock.TestT5Login" name="test_login[admin@kainnusantara.id]" time="0.410" /><testcase classname="tests.test_iter279_po_line_lock.TestT5Login" name="test_login[manager@kainnusantara.id]" time="0.382" /><testcase classname="tests.test_iter279_po_line_lock.TestT5Login" name="test_login[salesadmin@kainnusantara.id]" time="0.409" /><testcase classname="tests.test_iter279_po_line_lock.TestT5Login" name="test_login[finance@kainnusantara.id]" time="0.400" /><testcase classname="tests.test_iter279_po_line_lock.TestT5Login" name="test_login[sales@kainnusantara.id]" time="0.363" /><testcase classname="tests.test_iter279_po_line_lock.TestT5Login" name="test_login[warehouse@kainnusantara.id]" time="0.387" /><testcase classname="tests.test_iter279_po_line_lock.TestT5Login" name="test_login[designer@kainnusantara.id]" time="0.346" /></testsuite></testsuites>