<?xml version="1.0" encoding="utf-8"?><testsuites name="pytest tests"><testsuite name="pytest" errors="0" failures="0" skipped="1" tests="9" time="3.211" timestamp="2026-09-03T14:36:16.130126+00:00" hostname="agent-env-9e8cf22e-30fd-48a5-87ed-1ef292384e2e"><testcase classname="tests.test_iter295_role_desks_bridge.TestMdDesk" name="test_md_desk_structure" time="0.422" /><testcase classname="tests.test_iter295_role_desks_bridge.TestMdDesk" name="test_md_desk_has_design_rows" time="0.195" /><testcase classname="tests.test_iter295_role_desks_bridge.TestMdDesk" name="test_md_forbidden_on_warehouse_desk" time="0.113" /><testcase classname="tests.test_iter295_role_desks_bridge.TestMdDesk" name="test_md_can_open_design_request_from_its_own_desk" time="0.789" /><testcase classname="tests.test_iter295_role_desks_bridge.TestWarehouseAdminDesk" name="test_wh_desk_structure" time="0.446" /><testcase classname="tests.test_iter295_role_desks_bridge.TestWarehouseAdminDesk" name="test_wh_forbidden_on_md_desk" time="0.064" /><testcase classname="tests.test_iter295_role_desks_bridge.TestWarehouseAdminDesk" name="test_admin_can_open_both_desks" time="0.508" /><testcase classname="tests.test_iter295_role_desks_bridge.TestWarehouseAdminDesk" name="test_desk_requires_auth" time="0.090" /><testcase classname="tests.test_iter295_role_desks_bridge.TestOutboundToLogisticsBridge" name="test_bridge_end_to_end" time="0.444"><skipped type="pytest.skip" message="tidak ada tugas outbound yang bisa didispatch (roll commit habis) — jembatan sudah diverifikasi pada iterasi ini (KSC/SJ-00007 → KSC/LG-00011)">/app/backend/tests/test_iter295_role_desks_bridge.py:153: tidak ada tugas outbound yang bisa didispatch (roll commit habis) — jembatan sudah diverifikasi pada iterasi ini (KSC/SJ-00007 → KSC/LG-00011)</skipped></testcase></testsuite></testsuites>