<?xml version="1.0" encoding="utf-8"?><testsuites name="pytest tests"><testsuite name="pytest" errors="0" failures="1" skipped="0" tests="2" time="0.603" timestamp="2026-09-02T21:46:56.834625+00:00" hostname="agent-env-9e8cf22e-30fd-48a5-87ed-1ef292384e2e"><testcase classname="tests.test_iter292_f01_dispatch_gl" name="test_e01_reservations_visible_for_owning_entity" time="0.386" /><testcase classname="tests.test_iter292_f01_dispatch_gl" name="test_f01_dispatch_posts_revenue_and_cogs" time="0.065"><failure message="AssertionError: /sales-orders/so_006/verify -&gt; 409: {&quot;detail&quot;:{&quot;message&quot;:&quot;Pesanan SO-0006 sudah melewati tahap verifikasi (status sekarang: shipped).&quot;,&quot;checks&quot;:[]}}&#10;assert 409 in (200, 201)&#10; +  where 409 = &lt;Response [409]&gt;.status_code">E   AssertionError: /sales-orders/so_006/verify -&gt; 409: {"detail":{"message":"Pesanan SO-0006 sudah melewati tahap verifikasi (status sekarang: shipped).","checks":[]}}
    assert 409 in (200, 201)
     +  where 409 = &lt;Response [409]&gt;.status_code</failure></testcase></testsuite></testsuites>