<?xml version="1.0" encoding="utf-8"?><testsuites name="pytest tests"><testsuite name="pytest" errors="0" failures="0" skipped="0" tests="4" time="5.479" timestamp="2026-08-30T17:48:17.635669+00:00" hostname="agent-env-5f0ae031-e248-482d-836d-0c1d74693297"><testcase classname="tests.test_iter270_reallocate_extra" name="test_reallocate_keeps_old_roll_and_adds_new" time="2.210" /><testcase classname="tests.test_iter270_reallocate_extra" name="test_reallocate_partial_creates_backorder" time="1.046" /><testcase classname="tests.test_iter270_reallocate_extra" name="test_reallocate_confirmed_order_conflict" time="1.096" /><testcase classname="tests.test_iter270_reallocate_extra" name="test_reallocate_other_entity_roll_denied_any_product" time="1.035" /></testsuite></testsuites>