<?xml version="1.0" encoding="utf-8"?><testsuites name="pytest tests"><testsuite name="pytest" errors="0" failures="0" skipped="0" tests="24" time="5.083" timestamp="2026-09-03T15:40:07.102734+00:00" hostname="agent-env-9e8cf22e-30fd-48a5-87ed-1ef292384e2e"><testcase classname="tests.test_iter301_rbac_pricing_uom.TestApprovalRbac" name="test_my_queue_forbidden[driver]" time="3.030" /><testcase classname="tests.test_iter301_rbac_pricing_uom.TestApprovalRbac" name="test_my_queue_forbidden[warehouse]" time="0.035" /><testcase classname="tests.test_iter301_rbac_pricing_uom.TestApprovalRbac" name="test_my_queue_allowed[manager]" time="0.056" /><testcase classname="tests.test_iter301_rbac_pricing_uom.TestApprovalRbac" name="test_my_queue_allowed[admin]" time="0.048" /><testcase classname="tests.test_iter301_rbac_pricing_uom.TestApprovalRbac" name="test_my_queue_leak_for_md_finance[md]" time="0.048" /><testcase classname="tests.test_iter301_rbac_pricing_uom.TestApprovalRbac" name="test_my_queue_leak_for_md_finance[finance]" time="0.049" /><testcase classname="tests.test_iter301_rbac_pricing_uom.TestHomeRbac" name="test_home_admin_forbidden_for_non_manager[md]" time="0.073" /><testcase classname="tests.test_iter301_rbac_pricing_uom.TestHomeRbac" name="test_home_admin_forbidden_for_non_manager[driver]" time="0.047" /><testcase classname="tests.test_iter301_rbac_pricing_uom.TestHomeRbac" name="test_home_admin_forbidden_for_non_manager[sales]" time="0.074" /><testcase classname="tests.test_iter301_rbac_pricing_uom.TestHomeRbac" name="test_home_admin_forbidden_for_non_manager[warehouse]" time="0.037" /><testcase classname="tests.test_iter301_rbac_pricing_uom.TestHomeRbac" name="test_home_admin_forbidden_for_non_manager[finance]" time="0.056" /><testcase classname="tests.test_iter301_rbac_pricing_uom.TestHomeRbac" name="test_home_manager_ok[admin]" time="0.106" /><testcase classname="tests.test_iter301_rbac_pricing_uom.TestHomeRbac" name="test_home_manager_ok[manager]" time="0.121" /><testcase classname="tests.test_iter301_rbac_pricing_uom.TestHomeRbac" name="test_role_desks_ok" time="0.085" /><testcase classname="tests.test_iter301_rbac_pricing_uom.TestHomeRbac" name="test_md_cannot_open_finance_desk" time="0.078" /><testcase classname="tests.test_iter301_rbac_pricing_uom.TestMasterPriceDoesNotAffectExistingSO" name="test_price_change_keeps_old_so_price" time="0.279" /><testcase classname="tests.test_iter301_rbac_pricing_uom.TestUom" name="test_uom_create_list_deactivate" time="0.300" /><testcase classname="tests.test_iter301_rbac_pricing_uom.TestUom" name="test_uom_conversion_catalog" time="0.112" /><testcase classname="tests.test_iter301_rbac_pricing_uom.TestExport" name="test_export_products_csv" time="0.043" /><testcase classname="tests.test_iter301_rbac_pricing_uom.TestExport" name="test_export_forbidden_for_driver" time="0.072" /><testcase classname="tests.test_iter301_rbac_pricing_uom.TestDomainRegistry" name="test_registry_loads" time="0.057" /><testcase classname="tests.test_iter301_rbac_pricing_uom.TestDomainRegistry" name="test_product_lines_and_stages" time="0.108" /><testcase classname="tests.test_iter301_rbac_pricing_uom.TestCustomerPricesForSales" name="test_sales_can_read_customer_prices" time="0.044" /><testcase classname="tests.test_iter301_rbac_pricing_uom.TestCustomerPricesForSales" name="test_sales_cannot_read_pricelist_admin" time="0.043" /></testsuite></testsuites>