<?xml version="1.0" encoding="utf-8"?><testsuites name="pytest tests"><testsuite name="pytest" errors="0" failures="0" skipped="0" tests="10" time="5.517" timestamp="2026-09-02T07:01:19.459039+00:00" hostname="agent-env-d5c9263a-82a4-4d4d-bf13-a98d2cf26d2c"><testcase classname="tests.test_iter278_fulfillment_whguard" name="test_T4_1_fulfillment_options_keys" time="0.706" /><testcase classname="tests.test_iter278_fulfillment_whguard" name="test_T4_2_first_reorder_creates_pr" time="0.153" /><testcase classname="tests.test_iter278_fulfillment_whguard" name="test_T4_3_reaffirm_reorder_no_new_pr" time="0.398" /><testcase classname="tests.test_iter278_fulfillment_whguard" name="test_T4_4_history_length_and_last" time="0.154" /><testcase classname="tests.test_iter278_fulfillment_whguard" name="test_T4_5_wait_and_interco_missing_source" time="0.370" /><testcase classname="tests.test_iter278_fulfillment_whguard" name="test_C1_rfid_cc_start_guards" time="0.905" /><testcase classname="tests.test_iter278_fulfillment_whguard" name="test_C2_putaway_orders_guard" time="0.132" /><testcase classname="tests.test_iter278_fulfillment_whguard" name="test_C3_sales_return_relocate_404" time="0.231" /><testcase classname="tests.test_iter278_fulfillment_whguard" name="test_REG_desk_and_approval_inbox" time="0.662" /><testcase classname="tests.test_iter278_fulfillment_whguard" name="test_REG_all_roles_login" time="1.734" /></testsuite></testsuites>