<?xml version="1.0" encoding="utf-8"?><testsuites name="pytest tests"><testsuite name="pytest" errors="0" failures="0" skipped="0" tests="12" time="2.133" timestamp="2026-09-03T14:50:10.183562+00:00" hostname="agent-env-9e8cf22e-30fd-48a5-87ed-1ef292384e2e"><testcase classname="tests.test_iter303_doc_resolve.TestResolveHappyPath" name="test_sales_order" time="0.507" /><testcase classname="tests.test_iter303_doc_resolve.TestResolveHappyPath" name="test_purchase_order_without_prefix" time="0.116" /><testcase classname="tests.test_iter303_doc_resolve.TestResolveHappyPath" name="test_purchase_order_with_prefix" time="0.076" /><testcase classname="tests.test_iter303_doc_resolve.TestResolveHappyPath" name="test_case_insensitive" time="0.111" /><testcase classname="tests.test_iter303_doc_resolve.TestResolveHappyPath" name="test_shipment_sj_00003" time="0.082" /><testcase classname="tests.test_iter303_doc_resolve.TestResolveGuards" name="test_unknown_number_404" time="0.091" /><testcase classname="tests.test_iter303_doc_resolve.TestResolveGuards" name="test_no_token_401" time="0.135" /><testcase classname="tests.test_iter303_doc_resolve.TestResolveGuards" name="test_too_short_422" time="0.067" /><testcase classname="tests.test_iter303_doc_resolve.TestResolveGuards" name="test_driver_sales_order_404" time="0.444" /><testcase classname="tests.test_iter303_doc_resolve.TestResolveGuards" name="test_driver_purchase_order_404" time="0.126" /><testcase classname="tests.test_iter303_doc_resolve.TestResolveGuards" name="test_driver_shipment_allowed" time="0.066" /><testcase classname="tests.test_iter303_doc_resolve.TestResolveGuards" name="test_admin_all_three_200" time="0.221" /></testsuite></testsuites>