<?xml version="1.0" encoding="utf-8"?><testsuites name="pytest tests"><testsuite name="pytest" errors="0" failures="0" skipped="0" tests="13" time="2.375" timestamp="2026-09-02T15:07:54.449602+00:00" hostname="agent-env-aefe103c-1e86-46a2-85e4-ac8622afb14b"><testcase classname="tests.test_iter284_pb01_md02_md08" name="test_pb01_blanket_create_ok" time="0.546" /><testcase classname="tests.test_iter284_pb01_md02_md08" name="test_pb01_blanket_inherits_supplier_term_when_missing" time="0.081" /><testcase classname="tests.test_iter284_pb01_md02_md08" name="test_pb01_blanket_invalid_term_code" time="0.089" /><testcase classname="tests.test_iter284_pb01_md02_md08" name="test_pb01_blanket_invalid_tax_mode" time="0.081" /><testcase classname="tests.test_iter284_pb01_md02_md08" name="test_pb01_call_off_excluded" time="0.188" /><testcase classname="tests.test_iter284_pb01_md02_md08" name="test_pb01_call_off_included" time="0.181" /><testcase classname="tests.test_iter284_pb01_md02_md08" name="test_md02_yarn_create_ok" time="0.076" /><testcase classname="tests.test_iter284_pb01_md02_md08" name="test_md02_yarn_invalid_material" time="0.079" /><testcase classname="tests.test_iter284_pb01_md02_md08" name="test_md02_enums" time="0.084" /><testcase classname="tests.test_iter284_pb01_md02_md08" name="test_md08_products_have_supplier_codes" time="0.088" /><testcase classname="tests.test_iter284_pb01_md02_md08" name="test_md08_dashboard_has_supplier_codes" time="0.127" /><testcase classname="tests.test_iter284_pb01_md02_md08" name="test_color_library_labdip_overdue" time="0.079" /><testcase classname="tests.test_iter284_pb01_md02_md08" name="test_zzz_cleanup" time="0.584" /></testsuite></testsuites>