<?xml version="1.0" encoding="utf-8"?><testsuites name="pytest tests"><testsuite name="pytest" errors="0" failures="0" skipped="0" tests="19" time="5.551" timestamp="2026-09-03T04:23:40.530549+00:00" hostname="agent-env-9e8cf22e-30fd-48a5-87ed-1ef292384e2e"><testcase classname="tests.test_iter293_audit_backlog.TestAuditBacklog293" name="test_01_l8_non_dispatched_rejected" time="2.130" /><testcase classname="tests.test_iter293_audit_backlog.TestAuditBacklog293" name="test_02_create_deliveries" time="0.140" /><testcase classname="tests.test_iter293_audit_backlog.TestAuditBacklog293" name="test_03_p1_1_driver_write_guard" time="0.511" /><testcase classname="tests.test_iter293_audit_backlog.TestAuditBacklog293" name="test_04_p1_1_driver_read_allowed" time="0.107" /><testcase classname="tests.test_iter293_audit_backlog.TestAuditBacklog293" name="test_05_driver_write_own_allowed" time="0.036" /><testcase classname="tests.test_iter293_audit_backlog.TestAuditBacklog293" name="test_06_p1_3_unload" time="0.208" /><testcase classname="tests.test_iter293_audit_backlog.TestAuditBacklog293" name="test_07_l2_position_validation_and_delete" time="0.166" /><testcase classname="tests.test_iter293_audit_backlog.TestAuditBacklog293" name="test_08_l3_my_route_active" time="0.041" /><testcase classname="tests.test_iter293_audit_backlog.TestAuditBacklog293" name="test_09_l4_combined_message_and_delivered" time="0.180" /><testcase classname="tests.test_iter293_audit_backlog.TestAuditBacklog293" name="test_10_l9_notification_to_sales" time="0.001" /><testcase classname="tests.test_iter293_audit_backlog.TestAuditBacklog293" name="test_11_l3_my_route_inactive_rejected" time="0.029" /><testcase classname="tests.test_iter293_audit_backlog.TestAuditBacklog293" name="test_12_l1_summary_today_wib" time="0.080" /><testcase classname="tests.test_iter293_audit_backlog.TestAuditBacklog293" name="test_13_p1_2_shipment_carries_logistics" time="0.001" /><testcase classname="tests.test_iter293_audit_backlog.TestAuditBacklog293" name="test_14_g3_ai_status_keys" time="0.032" /><testcase classname="tests.test_iter293_audit_backlog.TestAuditBacklog293" name="test_15_g3_gemini_test_without_key" time="0.121" /><testcase classname="tests.test_iter293_audit_backlog.TestAuditBacklog293" name="test_16_g8_daily_limit" time="0.169" /><testcase classname="tests.test_iter293_audit_backlog.TestAuditBacklog293" name="test_17_g6_comment_notification_and_delete" time="0.437" /><testcase classname="tests.test_iter293_audit_backlog.TestAuditBacklog293" name="test_18_x5_logistics_division" time="0.035" /><testcase classname="tests.test_iter293_audit_backlog.TestAuditBacklog293" name="test_99_cleanup" time="0.074" /></testsuite></testsuites>