<?xml version="1.0" encoding="utf-8"?><testsuites name="pytest tests"><testsuite name="pytest" errors="0" failures="0" skipped="0" tests="12" time="2.114" timestamp="2026-08-30T19:47:16.856345+00:00" hostname="agent-env-6aee7024-411e-40ec-8234-335b2d60eacf"><testcase classname="tests.test_iter273_approval_rules.TestListContract" name="test_list_has_engine_schema_and_sorted" time="0.603" /><testcase classname="tests.test_iter273_approval_rules.TestListContract" name="test_seed_rules_all_active" time="0.054" /><testcase classname="tests.test_iter273_approval_rules.TestListContract" name="test_filter_by_doc_type" time="0.053" /><testcase classname="tests.test_iter273_approval_rules.TestValidation" name="test_bad_doc_type_400" time="0.057" /><testcase classname="tests.test_iter273_approval_rules.TestValidation" name="test_bad_role_400" time="0.049" /><testcase classname="tests.test_iter273_approval_rules.TestValidation" name="test_max_le_min_400" time="0.055" /><testcase classname="tests.test_iter273_approval_rules.TestValidation" name="test_negative_min_422" time="0.057" /><testcase classname="tests.test_iter273_approval_rules.TestValidation" name="test_discount_forces_is_percent" time="0.110" /><testcase classname="tests.test_iter273_approval_rules.TestCrud" name="test_create_patch_partial_delete" time="0.385" /><testcase classname="tests.test_iter273_approval_rules.TestCrud" name="test_patch_unknown_404" time="0.050" /><testcase classname="tests.test_iter273_approval_rules.TestCrud" name="test_patch_empty_400" time="0.121" /><testcase classname="tests.test_iter273_approval_rules.TestEngineIntegration" name="test_rule_drives_evaluate_and_removal_restores" time="0.417" /></testsuite></testsuites>