<?xml version="1.0" encoding="utf-8"?><testsuites name="pytest tests"><testsuite name="pytest" errors="0" failures="2" skipped="0" tests="7" time="2.035" timestamp="2026-09-03T15:59:41.985930+00:00" hostname="agent-env-9e8cf22e-30fd-48a5-87ed-1ef292384e2e"><testcase classname="tests.test_iter305_hpp_from_po.TestHppEnrich" name="test_every_product_has_hpp_and_source" time="0.895" /><testcase classname="tests.test_iter305_hpp_from_po.TestHppEnrich" name="test_btk_mega_hpp_from_roll" time="0.052" /><testcase classname="tests.test_iter305_hpp_from_po.TestHppEnrich" name="test_no_mongo_id_leak" time="0.045" /><testcase classname="tests.test_iter305_hpp_from_po.TestPatchIgnoresHargaPokok" name="test_patch_harga_pokok_ignored" time="0.360" /><testcase classname="tests.test_iter305_hpp_from_po.TestCreateForcesZero" name="test_create_forces_harga_pokok_zero" time="0.202" /><testcase classname="tests.test_iter305_hpp_from_po.TestDashboardProductsCarryHpp" name="test_dashboard_products_include_hpp" time="0.056"><failure message="AssertionError: dashboard.products TIDAK membawa hpp/hpp_source → layar Master Produk selalu menampilkan 'Belum ada penerimaan PO'&#10;assert ('hpp' in {'available_qty': 823.03, 'base_unit': 'yard', 'batch_lot_rolls': [], 'category': 'Batik', ...})">E   AssertionError: dashboard.products TIDAK membawa hpp/hpp_source → layar Master Produk selalu menampilkan 'Belum ada penerimaan PO'
    assert ('hpp' in {'available_qty': 823.03, 'base_unit': 'yard', 'batch_lot_rolls': [], 'category': 'Batik', ...})</failure></testcase><testcase classname="tests.test_iter305_hpp_from_po.TestSalesCostRedaction" name="test_sales_cannot_see_cost" time="0.338"><failure message="AssertionError: HPP bocor ke sales: ['BTK-MEGA-001', 'TNI-GRGD-001', 'LRK-CLSC-001', 'SGK-PLB-001', 'ULS-BTK-001', 'JMP-PLB-001', 'ENK-BALI-001', 'DNM-BDG-001', 'BNG-KTN-001', 'BTK-MEGA-002']&#10;assert not ['BTK-MEGA-001', 'TNI-GRGD-001', 'LRK-CLSC-001', 'SGK-PLB-001', 'ULS-BTK-001', 'JMP-PLB-001', ...]">E   AssertionError: HPP bocor ke sales: ['BTK-MEGA-001', 'TNI-GRGD-001', 'LRK-CLSC-001', 'SGK-PLB-001', 'ULS-BTK-001', 'JMP-PLB-001', 'ENK-BALI-001', 'DNM-BDG-001', 'BNG-KTN-001', 'BTK-MEGA-002']
    assert not ['BTK-MEGA-001', 'TNI-GRGD-001', 'LRK-CLSC-001', 'SGK-PLB-001', 'ULS-BTK-001', 'JMP-PLB-001', ...]</failure></testcase></testsuite></testsuites>