<?xml version="1.0" encoding="utf-8"?><testsuites name="pytest tests"><testsuite name="pytest" errors="0" failures="0" skipped="0" tests="16" time="7.178" timestamp="2026-09-03T13:51:53.783044+00:00" hostname="agent-env-9e8cf22e-30fd-48a5-87ed-1ef292384e2e"><testcase classname="tests.test_iter302_approval_rbac.TestApprovalQueueRbac" name="test_denied_roles_get_403[md]" time="4.936" /><testcase classname="tests.test_iter302_approval_rbac.TestApprovalQueueRbac" name="test_denied_roles_get_403[finance]" time="0.132" /><testcase classname="tests.test_iter302_approval_rbac.TestApprovalQueueRbac" name="test_denied_roles_get_403[wh.admin]" time="0.159" /><testcase classname="tests.test_iter302_approval_rbac.TestApprovalQueueRbac" name="test_allowed_roles_get_200[manager]" time="0.184" /><testcase classname="tests.test_iter302_approval_rbac.TestApprovalQueueRbac" name="test_allowed_roles_get_200[salesadmin]" time="0.152" /><testcase classname="tests.test_iter302_approval_rbac.TestApprovalQueueRbac" name="test_allowed_roles_get_200[admin]" time="0.182" /><testcase classname="tests.test_iter302_approval_rbac.TestApprovalQueueRbac" name="test_sales_role_has_no_generic_approval_view" time="0.065" /><testcase classname="tests.test_iter302_approval_rbac.TestApprovalQueueRbac" name="test_matrix_endpoint_also_denied[md]" time="0.082" /><testcase classname="tests.test_iter302_approval_rbac.TestApprovalQueueRbac" name="test_matrix_endpoint_also_denied[finance]" time="0.144" /><testcase classname="tests.test_iter302_approval_rbac.TestApprovalQueueRbac" name="test_matrix_endpoint_also_denied[wh.admin]" time="0.181" /><testcase classname="tests.test_iter302_approval_rbac.TestRoleDesksStillWork" name="test_desk_loads[md-/md/desk]" time="0.154" /><testcase classname="tests.test_iter302_approval_rbac.TestRoleDesksStillWork" name="test_desk_loads[wh.admin-/warehouse-admin/desk]" time="0.075" /><testcase classname="tests.test_iter302_approval_rbac.TestRoleDesksStillWork" name="test_desk_loads[finance-/finance/desk]" time="0.112" /><testcase classname="tests.test_iter302_approval_rbac.TestPermissionMatrixPersisted" name="test_me_has_no_approval_view[md]" time="0.248" /><testcase classname="tests.test_iter302_approval_rbac.TestPermissionMatrixPersisted" name="test_me_has_no_approval_view[finance]" time="0.105" /><testcase classname="tests.test_iter302_approval_rbac.TestPermissionMatrixPersisted" name="test_me_has_no_approval_view[wh.admin]" time="0.186" /></testsuite></testsuites>