<?xml version="1.0" encoding="utf-8"?><testsuites name="pytest tests"><testsuite name="pytest" errors="0" failures="0" skipped="5" tests="28" time="6.930" timestamp="2026-09-02T19:48:58.540969+00:00" hostname="agent-env-e665dea7-3862-4058-b650-3e12232d4e49"><testcase classname="tests.test_iter291_audit_probes.TestEdgeProbes" name="test_create_two_orders_rejected" time="2.693"><skipped type="pytest.skip" message="Butuh SJ belum ditugaskan dari 2 pesanan; tersedia 0">/app/backend/tests/test_iter291_audit_probes.py:164: Butuh SJ belum ditugaskan dari 2 pesanan; tersedia 0</skipped></testcase><testcase classname="tests.test_iter291_audit_probes.TestEdgeProbes" name="test_create_empty_shipments_422" time="0.093" /><testcase classname="tests.test_iter291_audit_probes.TestDriverRbac" name="test_driver_can_act_on_delivery_not_assigned_to_him" time="2.703"><skipped type="pytest.skip" message="Tidak ada pengiriman aktif milik sopir lain untuk diprobe">/app/backend/tests/test_iter291_audit_probes.py:80: Tidak ada pengiriman aktif milik sopir lain untuk diprobe</skipped></testcase><testcase classname="tests.test_iter291_audit_probes.TestDriverRbac" name="test_driver_position_on_foreign_delivery" time="0.000"><skipped type="pytest.skip" message="Tidak ada pengiriman loaded/in_transit milik sopir lain">/app/backend/tests/test_iter291_audit_probes.py:100: Tidak ada pengiriman loaded/in_transit milik sopir lain</skipped></testcase><testcase classname="tests.test_iter291_audit_probes.TestDriverRbac" name="test_driver_transition_on_foreign_delivery" time="0.000"><skipped type="pytest.skip" message="Tidak ada pengiriman delivered milik sopir lain">/app/backend/tests/test_iter291_audit_probes.py:112: Tidak ada pengiriman delivered milik sopir lain</skipped></testcase><testcase classname="tests.test_iter291_audit_probes.TestDriverRbac" name="test_sales_write_forbidden" time="0.860" /><testcase classname="tests.test_iter291_audit_probes.TestEdgeProbes" name="test_create_unknown_shipment_400" time="0.081" /><testcase classname="tests.test_iter291_audit_probes.TestEdgeProbes" name="test_patch_bad_eta_400" time="0.182" /><testcase classname="tests.test_iter291_audit_probes.TestEdgeProbes" name="test_patch_bad_mode_400" time="0.082" /><testcase classname="tests.test_iter291_audit_probes.TestEdgeProbes" name="test_patch_empty_body_400" time="0.079" /><testcase classname="tests.test_iter291_audit_probes.TestEdgeProbes" name="test_patch_completed_400" time="0.110" /><testcase classname="tests.test_iter291_audit_probes.TestEdgeProbes" name="test_transition_from_completed_400" time="0.506" /><testcase classname="tests.test_iter291_audit_probes.TestDriverRbac" name="test_sales_create_forbidden" time="0.083" /><testcase classname="tests.test_iter291_audit_probes.TestDriverRbac" name="test_driver_cross_entity_list_blocked" time="0.154" /><testcase classname="tests.test_iter291_audit_probes.TestDriverRbac" name="test_driver_get_foreign_entity_delivery_blocked" time="0.100"><skipped type="pytest.skip" message="Tidak ada pengiriman di ent_kanda">/app/backend/tests/test_iter291_audit_probes.py:149: Tidak ada pengiriman di ent_kanda</skipped></testcase><testcase classname="tests.test_iter291_audit_probes.TestEdgeProbes" name="test_transition_unknown_status_400" time="0.125" /><testcase classname="tests.test_iter291_audit_probes.TestGalleryAiGating" name="test_meta_and_gallery_reachable" time="0.088" /><testcase classname="tests.test_iter291_audit_probes.TestEdgeProbes" name="test_upload_txt_rejected" time="0.176" /><testcase classname="tests.test_iter291_audit_probes.TestGalleryAiGating" name="test_ai_illustration_not_counted_as_artwork" time="0.091" /><testcase classname="tests.test_iter291_audit_probes.TestEdgeProbes" name="test_upload_bad_kind_rejected" time="0.165" /><testcase classname="tests.test_iter291_audit_probes.TestEdgeProbes" name="test_photo_get_wrong_id_404" time="0.081" /><testcase classname="tests.test_iter291_audit_probes.TestEdgeProbes" name="test_delivery_get_unknown_404" time="0.099" /><testcase classname="tests.test_iter291_audit_probes.TestEdgeProbes" name="test_position_string_lat_coerced" time="0.122" /><testcase classname="tests.test_iter291_audit_probes.TestEdgeProbes" name="test_position_out_of_range_lat" time="0.152" /><testcase classname="tests.test_iter291_audit_probes.TestEdgeProbes" name="test_position_on_prepared_blocked" time="0.094" /><testcase classname="tests.test_iter291_audit_probes.TestEdgeProbes" name="test_my_route_sets_order_on_delivered" time="0.312" /><testcase classname="tests.test_iter291_audit_probes.TestEdgeProbes" name="test_my_route_empty_422" time="0.068" /><testcase classname="tests.test_iter291_audit_probes.TestEdgeProbes" name="test_journey_without_logistics_empty" time="1.339" /></testsuite></testsuites>