<?xml version="1.0" encoding="utf-8"?><testsuites name="pytest tests"><testsuite name="pytest" errors="0" failures="0" skipped="0" tests="10" time="2.205" timestamp="2026-09-03T14:36:00.027600+00:00" hostname="agent-env-9e8cf22e-30fd-48a5-87ed-1ef292384e2e"><testcase classname="tests.test_iter303_doc_resolve.TestResolveHappyPath" name="test_sales_order" time="0.858" /><testcase classname="tests.test_iter303_doc_resolve.TestResolveHappyPath" name="test_purchase_order_without_prefix" time="0.084" /><testcase classname="tests.test_iter303_doc_resolve.TestResolveHappyPath" name="test_purchase_order_with_prefix" time="0.066" /><testcase classname="tests.test_iter303_doc_resolve.TestResolveHappyPath" name="test_case_insensitive" time="0.097" /><testcase classname="tests.test_iter303_doc_resolve.TestResolveHappyPath" name="test_shipment_sj_00003" time="0.065" /><testcase classname="tests.test_iter303_doc_resolve.TestResolveGuards" name="test_unknown_number_404" time="0.078" /><testcase classname="tests.test_iter303_doc_resolve.TestResolveGuards" name="test_no_token_401" time="0.226" /><testcase classname="tests.test_iter303_doc_resolve.TestResolveGuards" name="test_too_short_422" time="0.071" /><testcase classname="tests.test_iter303_doc_resolve.TestResolveGuards" name="test_driver_scope_no_500" time="0.497" /><testcase classname="tests.test_iter303_doc_resolve.TestResolveGuards" name="test_driver_shipment_no_500" time="0.074" /></testsuite></testsuites>