<?xml version="1.0" encoding="utf-8"?><testsuites name="pytest tests"><testsuite name="pytest" errors="0" failures="1" skipped="1" tests="9" time="2.592" timestamp="2026-09-03T06:51:46.034197+00:00" hostname="agent-env-9e8cf22e-30fd-48a5-87ed-1ef292384e2e"><testcase classname="tests.test_iter295_role_desks_bridge.TestMdDesk" name="test_md_desk_structure" time="0.665" /><testcase classname="tests.test_iter295_role_desks_bridge.TestMdDesk" name="test_md_desk_has_design_rows" time="0.088" /><testcase classname="tests.test_iter295_role_desks_bridge.TestMdDesk" name="test_md_forbidden_on_warehouse_desk" time="0.088" /><testcase classname="tests.test_iter295_role_desks_bridge.TestMdDesk" name="test_md_can_open_design_request_from_its_own_desk" time="0.138"><failure message="AssertionError: layar Permintaan Desain menampilkan 0 untuk MD padahal Meja MD mengantre 4&#10;assert 0 &gt;= 4&#10; +  where 0 = &lt;built-in method get of dict object at 0xfa3632ea8d40&gt;('total', 0)&#10; +    where &lt;built-in method get of dict object at 0xfa3632ea8d40&gt; = {'has_more': False, 'items': [], 'page': 1, 'page_size': 50, ...}.get&#10; +      where {'has_more': False, 'items': [], 'page': 1, 'page_size': 50, ...} = json()&#10; +        where json = &lt;Response [200]&gt;.json&#10; +  and   4 = len([{'action': 'Buka', 'action_kind': 'open', 'age_days': 0, 'badge': 'perlu disetujui', ...}, {'action': 'Buka', 'action_kind': 'open', 'age_days': 0, 'badge': 'dikerjakan desainer', ...}, {'action': 'Buka', 'action_kind': 'open', 'age_days': 0, 'badge': 'perlu diputuskan', ...}, {'action': 'Buka', 'action_kind': 'open', 'age_days': 0, 'badge': 'belum ditugaskan', ...}])">E   AssertionError: layar Permintaan Desain menampilkan 0 untuk MD padahal Meja MD mengantre 4
    assert 0 &gt;= 4
     +  where 0 = &lt;built-in method get of dict object at 0xfa3632ea8d40&gt;('total', 0)
     +    where &lt;built-in method get of dict object at 0xfa3632ea8d40&gt; = {'has_more': False, 'items': [], 'page': 1, 'page_size': 50, ...}.get
     +      where {'has_more': False, 'items': [], 'page': 1, 'page_size': 50, ...} = json()
     +        where json = &lt;Response [200]&gt;.json
     +  and   4 = len([{'action': 'Buka', 'action_kind': 'open', 'age_days': 0, 'badge': 'perlu disetujui', ...}, {'action': 'Buka', 'action_kind': 'open', 'age_days': 0, 'badge': 'dikerjakan desainer', ...}, {'action': 'Buka', 'action_kind': 'open', 'age_days': 0, 'badge': 'perlu diputuskan', ...}, {'action': 'Buka', 'action_kind': 'open', 'age_days': 0, 'badge': 'belum ditugaskan', ...}])</failure></testcase><testcase classname="tests.test_iter295_role_desks_bridge.TestWarehouseAdminDesk" name="test_wh_desk_structure" time="0.358" /><testcase classname="tests.test_iter295_role_desks_bridge.TestWarehouseAdminDesk" name="test_wh_forbidden_on_md_desk" time="0.071" /><testcase classname="tests.test_iter295_role_desks_bridge.TestWarehouseAdminDesk" name="test_admin_can_open_both_desks" time="0.610" /><testcase classname="tests.test_iter295_role_desks_bridge.TestWarehouseAdminDesk" name="test_desk_requires_auth" time="0.085" /><testcase classname="tests.test_iter295_role_desks_bridge.TestOutboundToLogisticsBridge" name="test_bridge_end_to_end" time="0.337"><skipped type="pytest.skip" message="tidak ada tugas outbound yang bisa didispatch (roll commit habis) — jembatan sudah diverifikasi pada iterasi ini (KSC/SJ-00007 → KSC/LG-00011)">/app/backend/tests/test_iter295_role_desks_bridge.py:153: tidak ada tugas outbound yang bisa didispatch (roll commit habis) — jembatan sudah diverifikasi pada iterasi ini (KSC/SJ-00007 → KSC/LG-00011)</skipped></testcase></testsuite></testsuites>