<?xml version="1.0" encoding="utf-8"?><testsuites name="pytest tests"><testsuite name="pytest" errors="0" failures="0" skipped="15" tests="55" time="9.797" timestamp="2026-09-02T18:48:51.004790+00:00" hostname="agent-env-e665dea7-3862-4058-b650-3e12232d4e49"><testcase classname="tests.test_fb02_logistics.TestFlowGates" name="test_position_before_loaded_400" time="0.809"><skipped type="pytest.skip" message="no unassigned shipment available">/app/backend/tests/test_fb02_logistics.py:152: no unassigned shipment available</skipped></testcase><testcase classname="tests.test_fb02_logistics.TestFlowGates" name="test_loaded_requires_load_photo" time="0.000"><skipped type="pytest.skip" message="no unassigned shipment available">/app/backend/tests/test_fb02_logistics.py:157: no unassigned shipment available</skipped></testcase><testcase classname="tests.test_fb02_logistics.TestFlowGates" name="test_upload_load_photo_then_loaded" time="0.000"><skipped type="pytest.skip" message="no unassigned shipment available">/app/backend/tests/test_fb02_logistics.py:162: no unassigned shipment available</skipped></testcase><testcase classname="tests.test_fb02_logistics.TestFlowGates" name="test_in_transit_requires_tracking_no" time="0.000"><skipped type="pytest.skip" message="no unassigned shipment available">/app/backend/tests/test_fb02_logistics.py:180: no unassigned shipment available</skipped></testcase><testcase classname="tests.test_fb02_logistics.TestFlowGates" name="test_position" time="0.000"><skipped type="pytest.skip" message="no unassigned shipment available">/app/backend/tests/test_fb02_logistics.py:189: no unassigned shipment available</skipped></testcase><testcase classname="tests.test_fb02_logistics.TestFlowGates" name="test_invalid_transition_skip" time="0.000"><skipped type="pytest.skip" message="no unassigned shipment available">/app/backend/tests/test_fb02_logistics.py:196: no unassigned shipment available</skipped></testcase><testcase classname="tests.test_fb02_logistics.TestFlowGates" name="test_delivered_gates" time="0.000"><skipped type="pytest.skip" message="no unassigned shipment available">/app/backend/tests/test_fb02_logistics.py:201: no unassigned shipment available</skipped></testcase><testcase classname="tests.test_fb02_logistics.TestFlowGates" name="test_locked_after_delivered" time="0.000"><skipped type="pytest.skip" message="no unassigned shipment available">/app/backend/tests/test_fb02_logistics.py:217: no unassigned shipment available</skipped></testcase><testcase classname="tests.test_fb02_logistics.TestFlowGates" name="test_completed_then_no_further" time="0.000"><skipped type="pytest.skip" message="no unassigned shipment available">/app/backend/tests/test_fb02_logistics.py:225: no unassigned shipment available</skipped></testcase><testcase classname="tests.test_fb02_logistics.TestCreate" name="test_create_ok" time="0.000"><skipped type="pytest.skip" message="no unassigned shipment available">/app/backend/tests/test_fb02_logistics.py:118: no unassigned shipment available</skipped></testcase><testcase classname="tests.test_fb02_logistics.TestCreate" name="test_reuse_shipment_400" time="0.000"><skipped type="pytest.skip" message="no unassigned shipment available">/app/backend/tests/test_fb02_logistics.py:131: no unassigned shipment available</skipped></testcase><testcase classname="tests.test_fb02_logistics.TestCreate" name="test_empty_shipments" time="0.219" /><testcase classname="tests.test_fb02_logistics.TestCreate" name="test_invalid_mode" time="0.000"><skipped type="pytest.skip" message="no unassigned shipment available">/app/backend/tests/test_fb02_logistics.py:141: no unassigned shipment available</skipped></testcase><testcase classname="tests.test_fb02_logistics.TestCreate" name="test_unknown_shipment" time="0.086" /><testcase classname="tests.test_fb02_logistics.TestRBAC" name="test_driver_can_view" time="0.904" /><testcase classname="tests.test_iter289_driver_today.TestMyRoute" name="test_reverse_and_persist_then_restore" time="2.774" /><testcase classname="tests.test_fb02_logistics.TestRBAC" name="test_driver_cannot_create" time="0.161" /><testcase classname="tests.test_fb02_logistics.TestRBAC" name="test_driver_cannot_list_unassigned" time="0.082" /><testcase classname="tests.test_fb02_logistics.TestRBAC" name="test_driver_update_allowed" time="0.096"><skipped type="pytest.skip" message="no unassigned shipment left for driver flow">/app/backend/tests/test_fb02_logistics.py:257: no unassigned shipment left for driver flow</skipped></testcase><testcase classname="tests.test_iter289_driver_today.TestMyRoute" name="test_foreign_ids_ignored" time="0.177" /><testcase classname="tests.test_fb02_logistics.TestRBAC" name="test_sales_view_only" time="0.414"><skipped type="pytest.skip" message="no unassigned shipment available">/app/backend/tests/test_fb02_logistics.py:283: no unassigned shipment available</skipped></testcase><testcase classname="tests.test_fb02_logistics.TestIllustrationComments" name="test_admin_comment" time="0.135" /><testcase classname="tests.test_iter289_driver_today.TestMyRoute" name="test_all_foreign_400" time="0.077" /><testcase classname="tests.test_iter289_driver_today.TestMyRoute" name="test_empty_ids_422" time="0.254" /><testcase classname="tests.test_iter289_driver_today.TestMyRoute" name="test_sales_forbidden" time="0.160" /><testcase classname="tests.test_fb02_logistics.TestIllustrationComments" name="test_designer_comment_and_persist" time="0.925" /><testcase classname="tests.test_fb02_logistics.TestIllustrationComments" name="test_sales_forbidden" time="0.175" /><testcase classname="tests.test_iter288_logistics_gps.TestPositionGps" name="test_delivery_precondition" time="0.667" /><testcase classname="tests.test_fb02_logistics.TestIllustrationComments" name="test_artwork_file_rejected" time="0.101" /><testcase classname="tests.test_iter288_logistics_gps.TestPositionGps" name="test_post_position_with_latlng" time="0.232" /><testcase classname="tests.test_fb02_logistics.TestIllustrationComments" name="test_empty_text" time="0.081" /><testcase classname="tests.test_iter288_logistics_gps.TestPositionGps" name="test_post_position_without_latlng" time="0.263" /><testcase classname="tests.test_iter288_logistics_gps.TestSalesReadOnly" name="test_sales_can_list" time="0.568" /><testcase classname="tests.test_iter288_logistics_gps.TestPositionGps" name="test_post_position_invalid_lat" time="0.095" /><testcase classname="tests.test_iter288_logistics_gps.TestPositionGps" name="test_post_position_short_location" time="0.128" /><testcase classname="tests.test_iter288_logistics_gps.TestSalesReadOnly" name="test_sales_can_read_detail" time="0.088" /><testcase classname="tests.test_iter288_logistics_gps.TestSalesReadOnly" name="test_sales_summary" time="0.122" /><testcase classname="tests.test_iter288_logistics_gps.TestSalesReadOnly" name="test_sales_cannot_add_position" time="0.261" /><testcase classname="tests.test_iter288_logistics_gps.TestSalesReadOnly" name="test_sales_cannot_create_delivery" time="0.099" /><testcase classname="tests.test_iter289_driver_today.TestDrivers" name="test_admin_sees_driver_joko" time="2.425" /><testcase classname="tests.test_iter289_driver_today.TestDrivers" name="test_warehouse_allowed" time="0.279" /><testcase classname="tests.test_iter289_driver_today.TestDrivers" name="test_sales_forbidden" time="0.233" /><testcase classname="tests.test_iter289_driver_today.TestMine" name="test_driver_only_own" time="2.342" /><testcase classname="tests.test_iter289_driver_today.TestMine" name="test_sorted_route_then_eta_then_created" time="0.080" /><testcase classname="tests.test_iter289_driver_today.TestMine" name="test_admin_mine_scoped_to_admin" time="0.126" /><testcase classname="tests.test_iter289_driver_today.TestDrivers" name="test_driver_forbidden" time="0.182" /><testcase classname="tests.test_iter289_driver_today.TestMine" name="test_all_without_mine_superset" time="0.154" /><testcase classname="tests.test_iter289_driver_today.TestPatchDriverOnExisting" name="test_patch_unassign_then_reassign" time="0.575" /><testcase classname="tests.test_fb02_logistics.TestLogisticsRead" name="test_meta" time="0.589" /><testcase classname="tests.test_fb02_logistics.TestLogisticsRead" name="test_summary" time="0.078" /><testcase classname="tests.test_iter289_driver_today.TestPatchDriverOnExisting" name="test_patch_delivered_rejected" time="0.146" /><testcase classname="tests.test_fb02_logistics.TestLogisticsRead" name="test_unassigned" time="0.085" /><testcase classname="tests.test_fb02_logistics.TestLogisticsRead" name="test_list_deliveries" time="0.136" /><testcase classname="tests.test_iter289_driver_today.TestAssignDriver" name="test_create_with_driver_user_id_then_patch" time="0.117"><skipped type="pytest.skip" message="no unassigned shipment available to create delivery">/app/backend/tests/test_iter289_driver_today.py:145: no unassigned shipment available to create delivery</skipped></testcase><testcase classname="tests.test_fb02_logistics.TestJourney" name="test_journey_logistics" time="0.531" /></testsuite></testsuites>