<?xml version="1.0" encoding="utf-8"?><testsuites name="pytest tests"><testsuite name="pytest" errors="0" failures="0" skipped="0" tests="6" time="2.914" timestamp="2026-09-03T05:37:13.834831+00:00" hostname="agent-env-9e8cf22e-30fd-48a5-87ed-1ef292384e2e"><testcase classname="tests.test_iter294_numbering_pdf.TestNumberingAtomic" name="test_shared_mode_40_concurrent_unique" time="0.154" /><testcase classname="tests.test_iter294_numbering_pdf.TestPdfRender" name="test_preview_and_pdf" time="1.564" /><testcase classname="tests.test_iter294_numbering_pdf.TestNumberingAtomic" name="test_customer_codes_distinct" time="0.866" /><testcase classname="tests.test_iter294_numbering_pdf.TestPdfTemplateLayering" name="test_layering_flow" time="1.085" /><testcase classname="tests.test_iter294_numbering_pdf.TestPdfRender" name="test_branding_extra_fields" time="0.274" /><testcase classname="tests.test_iter294_numbering_pdf.TestRegression" name="test_endpoints_ok" time="0.080" /></testsuite></testsuites>