<?xml version="1.0" encoding="utf-8"?><testsuites name="pytest tests"><testsuite name="pytest" errors="0" failures="0" skipped="0" tests="17" time="4.888" timestamp="2026-09-02T15:33:12.366138+00:00" hostname="agent-env-aefe103c-1e86-46a2-85e4-ac8622afb14b"><testcase classname="tests.test_iter285_feedback_export_hutang" name="test_feedback_meta_admin" time="0.559" /><testcase classname="tests.test_iter285_feedback_export_hutang" name="test_feedback_create_with_assignee_becomes_in_progress" time="0.261" /><testcase classname="tests.test_iter285_feedback_export_hutang" name="test_feedback_create_without_assignee_open" time="0.090" /><testcase classname="tests.test_iter285_feedback_export_hutang" name="test_feedback_title_too_short_422" time="0.078" /><testcase classname="tests.test_iter285_feedback_export_hutang" name="test_feedback_patch_resolved_without_resolution_400" time="0.081" /><testcase classname="tests.test_iter285_feedback_export_hutang" name="test_feedback_patch_resolved_with_resolution_ok" time="0.099" /><testcase classname="tests.test_iter285_feedback_export_hutang" name="test_feedback_patch_closed_then_open_400" time="0.405" /><testcase classname="tests.test_iter285_feedback_export_hutang" name="test_feedback_list_by_order_id" time="0.094" /><testcase classname="tests.test_iter285_feedback_export_hutang" name="test_feedback_summary" time="0.092" /><testcase classname="tests.test_iter285_feedback_export_hutang" name="test_feedback_sales_can_list_and_create" time="0.721" /><testcase classname="tests.test_iter285_feedback_export_hutang" name="test_feedback_warehouse_post_403" time="0.484" /><testcase classname="tests.test_iter285_feedback_export_hutang" name="test_feedback_entity_scoping" time="0.509" /><testcase classname="tests.test_iter285_feedback_export_hutang" name="test_export_yarn_admin" time="0.093" /><testcase classname="tests.test_iter285_feedback_export_hutang" name="test_export_yarn_sales_403" time="0.092" /><testcase classname="tests.test_iter285_feedback_export_hutang" name="test_finance_desk_hutang_jatuh_tempo" time="0.514" /><testcase classname="tests.test_iter285_feedback_export_hutang" name="test_finance_hutang_excludes_paid_cancelled" time="0.093" /><testcase classname="tests.test_iter285_feedback_export_hutang" name="test_zzz_cleanup" time="0.525" /></testsuite></testsuites>