<?xml version="1.0" encoding="utf-8"?><testsuites name="pytest tests"><testsuite name="pytest" errors="0" failures="0" skipped="1" tests="31" time="6.367" timestamp="2026-09-03T16:10:27.696040+00:00" hostname="agent-env-9e8cf22e-30fd-48a5-87ed-1ef292384e2e"><testcase classname="tests.test_iter301_rbac_pricing_uom.TestApprovalRbac" name="test_my_queue_forbidden[driver]" time="3.361" /><testcase classname="tests.test_iter301_rbac_pricing_uom.TestApprovalRbac" name="test_my_queue_forbidden[warehouse]" time="0.059" /><testcase classname="tests.test_iter301_rbac_pricing_uom.TestApprovalRbac" name="test_my_queue_allowed[manager]" time="0.043" /><testcase classname="tests.test_iter301_rbac_pricing_uom.TestApprovalRbac" name="test_my_queue_allowed[admin]" time="0.041" /><testcase classname="tests.test_iter301_rbac_pricing_uom.TestApprovalRbac" name="test_my_queue_leak_for_md_finance[md]" time="0.065" /><testcase classname="tests.test_iter301_rbac_pricing_uom.TestApprovalRbac" name="test_my_queue_leak_for_md_finance[finance]" time="0.077" /><testcase classname="tests.test_iter301_rbac_pricing_uom.TestHomeRbac" name="test_home_admin_forbidden_for_non_manager[md]" time="0.085" /><testcase classname="tests.test_iter301_rbac_pricing_uom.TestHomeRbac" name="test_home_admin_forbidden_for_non_manager[driver]" time="0.039" /><testcase classname="tests.test_iter301_rbac_pricing_uom.TestHomeRbac" name="test_home_admin_forbidden_for_non_manager[sales]" time="0.029" /><testcase classname="tests.test_iter301_rbac_pricing_uom.TestHomeRbac" name="test_home_admin_forbidden_for_non_manager[warehouse]" time="0.054" /><testcase classname="tests.test_iter301_rbac_pricing_uom.TestHomeRbac" name="test_home_admin_forbidden_for_non_manager[finance]" time="0.072" /><testcase classname="tests.test_iter301_rbac_pricing_uom.TestHomeRbac" name="test_home_manager_ok[admin]" time="0.099" /><testcase classname="tests.test_iter301_rbac_pricing_uom.TestHomeRbac" name="test_home_manager_ok[manager]" time="0.097" /><testcase classname="tests.test_iter301_rbac_pricing_uom.TestHomeRbac" name="test_role_desks_ok" time="0.102" /><testcase classname="tests.test_iter301_rbac_pricing_uom.TestHomeRbac" name="test_md_cannot_open_finance_desk" time="0.086" /><testcase classname="tests.test_iter301_rbac_pricing_uom.TestMasterPriceDoesNotAffectExistingSO" name="test_price_change_keeps_old_so_price" time="0.300" /><testcase classname="tests.test_iter301_rbac_pricing_uom.TestUom" name="test_uom_create_list_deactivate" time="0.059"><skipped type="pytest.skip" message="TSTU sudah ada: {&quot;detail&quot;:&quot;Kode UOM sudah ada&quot;}">/app/backend/tests/test_iter301_rbac_pricing_uom.py:148: TSTU sudah ada: {"detail":"Kode UOM sudah ada"}</skipped></testcase><testcase classname="tests.test_iter301_rbac_pricing_uom.TestUom" name="test_uom_conversion_catalog" time="0.068" /><testcase classname="tests.test_iter301_rbac_pricing_uom.TestExport" name="test_export_products_csv" time="0.029" /><testcase classname="tests.test_iter301_rbac_pricing_uom.TestExport" name="test_export_forbidden_for_driver" time="0.075" /><testcase classname="tests.test_iter301_rbac_pricing_uom.TestDomainRegistry" name="test_registry_loads" time="0.040" /><testcase classname="tests.test_iter301_rbac_pricing_uom.TestDomainRegistry" name="test_product_lines_and_stages" time="0.061" /><testcase classname="tests.test_iter301_rbac_pricing_uom.TestCustomerPricesForSales" name="test_sales_can_read_customer_prices" time="0.033" /><testcase classname="tests.test_iter301_rbac_pricing_uom.TestCustomerPricesForSales" name="test_sales_cannot_read_pricelist_admin" time="0.031" /><testcase classname="tests.test_iter305_hpp_from_po.TestHppEnrich" name="test_every_product_has_hpp_and_source" time="0.382" /><testcase classname="tests.test_iter305_hpp_from_po.TestHppEnrich" name="test_btk_mega_hpp_from_roll" time="0.059" /><testcase classname="tests.test_iter305_hpp_from_po.TestHppEnrich" name="test_no_mongo_id_leak" time="0.040" /><testcase classname="tests.test_iter305_hpp_from_po.TestPatchIgnoresHargaPokok" name="test_patch_harga_pokok_ignored" time="0.166" /><testcase classname="tests.test_iter305_hpp_from_po.TestCreateForcesZero" name="test_create_forces_harga_pokok_zero" time="0.186" /><testcase classname="tests.test_iter305_hpp_from_po.TestDashboardProductsCarryHpp" name="test_dashboard_products_include_hpp" time="0.068" /><testcase classname="tests.test_iter305_hpp_from_po.TestSalesCostRedaction" name="test_sales_cannot_see_cost" time="0.374" /></testsuite></testsuites>