<?xml version="1.0" encoding="utf-8"?><testsuites name="pytest tests"><testsuite name="pytest" errors="0" failures="0" skipped="1" tests="24" time="4.626" timestamp="2026-09-03T13:50:02.631066+00:00" hostname="agent-env-9e8cf22e-30fd-48a5-87ed-1ef292384e2e"><testcase classname="tests.test_iter301_rbac_pricing_uom.TestApprovalRbac" name="test_my_queue_forbidden[driver]" time="2.799" /><testcase classname="tests.test_iter301_rbac_pricing_uom.TestApprovalRbac" name="test_my_queue_forbidden[warehouse]" time="0.079" /><testcase classname="tests.test_iter301_rbac_pricing_uom.TestApprovalRbac" name="test_my_queue_allowed[manager]" time="0.041" /><testcase classname="tests.test_iter301_rbac_pricing_uom.TestApprovalRbac" name="test_my_queue_allowed[admin]" time="0.049" /><testcase classname="tests.test_iter301_rbac_pricing_uom.TestApprovalRbac" name="test_my_queue_leak_for_md_finance[md]" time="0.042" /><testcase classname="tests.test_iter301_rbac_pricing_uom.TestApprovalRbac" name="test_my_queue_leak_for_md_finance[finance]" time="0.076" /><testcase classname="tests.test_iter301_rbac_pricing_uom.TestHomeRbac" name="test_home_admin_forbidden_for_non_manager[md]" time="0.030" /><testcase classname="tests.test_iter301_rbac_pricing_uom.TestHomeRbac" name="test_home_admin_forbidden_for_non_manager[driver]" time="0.078" /><testcase classname="tests.test_iter301_rbac_pricing_uom.TestHomeRbac" name="test_home_admin_forbidden_for_non_manager[sales]" time="0.083" /><testcase classname="tests.test_iter301_rbac_pricing_uom.TestHomeRbac" name="test_home_admin_forbidden_for_non_manager[warehouse]" time="0.050" /><testcase classname="tests.test_iter301_rbac_pricing_uom.TestHomeRbac" name="test_home_admin_forbidden_for_non_manager[finance]" time="0.075" /><testcase classname="tests.test_iter301_rbac_pricing_uom.TestHomeRbac" name="test_home_manager_ok[admin]" time="0.131" /><testcase classname="tests.test_iter301_rbac_pricing_uom.TestHomeRbac" name="test_home_manager_ok[manager]" time="0.126" /><testcase classname="tests.test_iter301_rbac_pricing_uom.TestHomeRbac" name="test_role_desks_ok" time="0.074" /><testcase classname="tests.test_iter301_rbac_pricing_uom.TestHomeRbac" name="test_md_cannot_open_finance_desk" time="0.076" /><testcase classname="tests.test_iter301_rbac_pricing_uom.TestMasterPriceDoesNotAffectExistingSO" name="test_price_change_keeps_old_so_price" time="0.254" /><testcase classname="tests.test_iter301_rbac_pricing_uom.TestUom" name="test_uom_create_list_deactivate" time="0.094"><skipped type="pytest.skip" message="TSTU sudah ada: {&quot;detail&quot;:&quot;Kode UOM sudah ada&quot;}">/app/backend/tests/test_iter301_rbac_pricing_uom.py:148: TSTU sudah ada: {"detail":"Kode UOM sudah ada"}</skipped></testcase><testcase classname="tests.test_iter301_rbac_pricing_uom.TestUom" name="test_uom_conversion_catalog" time="0.076" /><testcase classname="tests.test_iter301_rbac_pricing_uom.TestExport" name="test_export_products_csv" time="0.041" /><testcase classname="tests.test_iter301_rbac_pricing_uom.TestExport" name="test_export_forbidden_for_driver" time="0.074" /><testcase classname="tests.test_iter301_rbac_pricing_uom.TestDomainRegistry" name="test_registry_loads" time="0.034" /><testcase classname="tests.test_iter301_rbac_pricing_uom.TestDomainRegistry" name="test_product_lines_and_stages" time="0.066" /><testcase classname="tests.test_iter301_rbac_pricing_uom.TestCustomerPricesForSales" name="test_sales_can_read_customer_prices" time="0.047" /><testcase classname="tests.test_iter301_rbac_pricing_uom.TestCustomerPricesForSales" name="test_sales_cannot_read_pricelist_admin" time="0.057" /></testsuite></testsuites>