<?xml version="1.0" encoding="utf-8"?><testsuites name="pytest tests"><testsuite name="pytest" errors="0" failures="0" skipped="0" tests="18" time="4.139" timestamp="2026-09-03T10:58:21.317559+00:00" hostname="agent-env-9e8cf22e-30fd-48a5-87ed-1ef292384e2e"><testcase classname="tests.test_iter298_kebpdpt_e2e.TestAdvanceBeforeShipment" name="test_01_create_order_and_advance_receipt" time="1.781" /><testcase classname="tests.test_iter298_kebpdpt_e2e.TestAdvanceBeforeShipment" name="test_02_no_sales_order_je_before_shipment" time="0.101" /><testcase classname="tests.test_iter298_kebpdpt_e2e.TestAdvanceBeforeShipment" name="test_03_cash_je_credits_advance_not_receivable" time="0.002" /><testcase classname="tests.test_iter298_kebpdpt_e2e.TestAdvanceBeforeShipment" name="test_04_journey_reports_advance_unrecognized" time="0.108" /><testcase classname="tests.test_iter298_kebpdpt_e2e.TestAdvanceBeforeShipment" name="test_05_payment_tagged_advance" time="0.118" /><testcase classname="tests.test_iter298_kebpdpt_e2e.TestAdvanceBeforeShipment" name="test_06_finance_desk_advance_queue" time="0.400" /><testcase classname="tests.test_iter298_kebpdpt_e2e.TestDispatchRecognition" name="test_07_pick_and_dispatch" time="0.284" /><testcase classname="tests.test_iter298_kebpdpt_e2e.TestDispatchRecognition" name="test_08_revenue_cogs_and_reclass_je" time="0.001" /><testcase classname="tests.test_iter298_kebpdpt_e2e.TestDispatchRecognition" name="test_09_journey_recognized" time="0.111" /><testcase classname="tests.test_iter298_kebpdpt_e2e.TestDispatchRecognition" name="test_10_idempotent_no_duplicate_je" time="0.299" /><testcase classname="tests.test_iter298_kebpdpt_e2e.TestDispatchRecognition" name="test_11_finance_desk_no_longer_lists_order" time="0.080" /><testcase classname="tests.test_iter298_kebpdpt_e2e.TestReceiptAfterShipment" name="test_12_receipt_after_shipment_credits_receivable" time="0.094" /><testcase classname="tests.test_iter298_kebpdpt_e2e.TestVoidAdvanceReceipt" name="test_13_void_advance_receipt_reverses_reclass" time="0.233" /><testcase classname="tests.test_iter298_kebpdpt_e2e.TestVoidAdvanceReceipt" name="test_14_advance_account_nets_to_zero" time="0.001" /><testcase classname="tests.test_iter298_kebpdpt_e2e.TestRegression" name="test_15_trial_balance_balanced" time="0.091" /><testcase classname="tests.test_iter297_revenue_policy.TestAdvancePolicy" name="test_payment_before_shipment_is_liability_not_revenue" time="0.024" /><testcase classname="tests.test_iter297_revenue_policy.TestAdvancePolicy" name="test_payment_after_shipment_still_credits_receivable" time="0.011" /><testcase classname="tests.test_iter297_revenue_policy.TestAdvancePolicy" name="test_reclass_without_revenue_is_noop" time="0.003" /></testsuite></testsuites>