<?xml version="1.0" encoding="utf-8"?><testsuites name="pytest tests"><testsuite name="pytest" errors="0" failures="1" skipped="0" tests="2" time="1.302" timestamp="2026-09-03T15:40:26.500894+00:00" hostname="agent-env-9e8cf22e-30fd-48a5-87ed-1ef292384e2e"><testcase classname="tests.test_iter292_f01_dispatch_gl" name="test_e01_reservations_visible_for_owning_entity" time="0.497" /><testcase classname="tests.test_iter292_f01_dispatch_gl" name="test_f01_dispatch_posts_revenue_and_cogs" time="0.668"><failure message="AssertionError: no journal entry with source_type=sales_order for so_006 right after dispatch&#10;assert []">E   AssertionError: no journal entry with source_type=sales_order for so_006 right after dispatch
    assert []</failure></testcase></testsuite></testsuites>