<?xml version="1.0" encoding="utf-8"?><testsuites name="pytest tests"><testsuite name="pytest" errors="0" failures="2" skipped="1" tests="24" time="6.962" timestamp="2026-09-03T13:23:05.510367+00:00" hostname="agent-env-9e8cf22e-30fd-48a5-87ed-1ef292384e2e"><testcase classname="tests.test_iter301_rbac_pricing_uom.TestApprovalRbac" name="test_my_queue_forbidden[driver]" time="5.079" /><testcase classname="tests.test_iter301_rbac_pricing_uom.TestApprovalRbac" name="test_my_queue_forbidden[warehouse]" time="0.088" /><testcase classname="tests.test_iter301_rbac_pricing_uom.TestApprovalRbac" name="test_my_queue_allowed[manager]" time="0.039" /><testcase classname="tests.test_iter301_rbac_pricing_uom.TestApprovalRbac" name="test_my_queue_allowed[admin]" time="0.043" /><testcase classname="tests.test_iter301_rbac_pricing_uom.TestApprovalRbac" name="test_my_queue_leak_for_md_finance[md]" time="0.040"><failure message="AssertionError: KEBOCORAN: md my-queue → 200 {&quot;items&quot;:[{&quot;stage&quot;:&quot;po_custom&quot;,&quot;stage_label&quot;:&quot;PO Custom&quot;,&quot;doc_type&quot;:&quot;special_order&quot;,&quot;doc_label&quot;:&quot;Pesanan Khusus (PO Custom)&quot;,&quot;view&quot;:&quot;special-orders&quot;,&quot;id&quot;:&quot;sord_6dc720fdb5bd&quot;,&quot;number&quot;:&quot;SORD-260824-0001&#10;assert 200 == 403&#10; +  where 200 = &lt;Response [200]&gt;.status_code">tests/test_iter301_rbac_pricing_uom.py:60: in test_my_queue_leak_for_md_finance
    assert r.status_code == 403, f"KEBOCORAN: {who} my-queue → {r.status_code} {r.text[:200]}"
E   AssertionError: KEBOCORAN: md my-queue → 200 {"items":[{"stage":"po_custom","stage_label":"PO Custom","doc_type":"special_order","doc_label":"Pesanan Khusus (PO Custom)","view":"special-orders","id":"sord_6dc720fdb5bd","number":"SORD-260824-0001
E   assert 200 == 403
E    +  where 200 = &lt;Response [200]&gt;.status_code</failure></testcase><testcase classname="tests.test_iter301_rbac_pricing_uom.TestApprovalRbac" name="test_my_queue_leak_for_md_finance[finance]" time="0.042"><failure message="AssertionError: KEBOCORAN: finance my-queue → 200 {&quot;items&quot;:[{&quot;stage&quot;:&quot;po_custom&quot;,&quot;stage_label&quot;:&quot;PO Custom&quot;,&quot;doc_type&quot;:&quot;special_order&quot;,&quot;doc_label&quot;:&quot;Pesanan Khusus (PO Custom)&quot;,&quot;view&quot;:&quot;special-orders&quot;,&quot;id&quot;:&quot;sord_6dc720fdb5bd&quot;,&quot;number&quot;:&quot;SORD-260824-0001&#10;assert 200 == 403&#10; +  where 200 = &lt;Response [200]&gt;.status_code">tests/test_iter301_rbac_pricing_uom.py:60: in test_my_queue_leak_for_md_finance
    assert r.status_code == 403, f"KEBOCORAN: {who} my-queue → {r.status_code} {r.text[:200]}"
E   AssertionError: KEBOCORAN: finance my-queue → 200 {"items":[{"stage":"po_custom","stage_label":"PO Custom","doc_type":"special_order","doc_label":"Pesanan Khusus (PO Custom)","view":"special-orders","id":"sord_6dc720fdb5bd","number":"SORD-260824-0001
E   assert 200 == 403
E    +  where 200 = &lt;Response [200]&gt;.status_code</failure></testcase><testcase classname="tests.test_iter301_rbac_pricing_uom.TestHomeRbac" name="test_home_admin_forbidden_for_non_manager[md]" time="0.077" /><testcase classname="tests.test_iter301_rbac_pricing_uom.TestHomeRbac" name="test_home_admin_forbidden_for_non_manager[driver]" time="0.079" /><testcase classname="tests.test_iter301_rbac_pricing_uom.TestHomeRbac" name="test_home_admin_forbidden_for_non_manager[sales]" time="0.072" /><testcase classname="tests.test_iter301_rbac_pricing_uom.TestHomeRbac" name="test_home_admin_forbidden_for_non_manager[warehouse]" time="0.040" /><testcase classname="tests.test_iter301_rbac_pricing_uom.TestHomeRbac" name="test_home_admin_forbidden_for_non_manager[finance]" time="0.043" /><testcase classname="tests.test_iter301_rbac_pricing_uom.TestHomeRbac" name="test_home_manager_ok[admin]" time="0.106" /><testcase classname="tests.test_iter301_rbac_pricing_uom.TestHomeRbac" name="test_home_manager_ok[manager]" time="0.116" /><testcase classname="tests.test_iter301_rbac_pricing_uom.TestHomeRbac" name="test_role_desks_ok" time="0.092" /><testcase classname="tests.test_iter301_rbac_pricing_uom.TestHomeRbac" name="test_md_cannot_open_finance_desk" time="0.079" /><testcase classname="tests.test_iter301_rbac_pricing_uom.TestMasterPriceDoesNotAffectExistingSO" name="test_price_change_keeps_old_so_price" time="0.314" /><testcase classname="tests.test_iter301_rbac_pricing_uom.TestUom" name="test_uom_create_list_deactivate" time="0.065"><skipped type="pytest.skip" message="TSTU sudah ada: {&quot;detail&quot;:&quot;Kode UOM sudah ada&quot;}">/app/backend/tests/test_iter301_rbac_pricing_uom.py:148: TSTU sudah ada: {"detail":"Kode UOM sudah ada"}</skipped></testcase><testcase classname="tests.test_iter301_rbac_pricing_uom.TestUom" name="test_uom_conversion_catalog" time="0.088" /><testcase classname="tests.test_iter301_rbac_pricing_uom.TestExport" name="test_export_products_csv" time="0.037" /><testcase classname="tests.test_iter301_rbac_pricing_uom.TestExport" name="test_export_forbidden_for_driver" time="0.050" /><testcase classname="tests.test_iter301_rbac_pricing_uom.TestDomainRegistry" name="test_registry_loads" time="0.037" /><testcase classname="tests.test_iter301_rbac_pricing_uom.TestDomainRegistry" name="test_product_lines_and_stages" time="0.067" /><testcase classname="tests.test_iter301_rbac_pricing_uom.TestCustomerPricesForSales" name="test_sales_can_read_customer_prices" time="0.039" /><testcase classname="tests.test_iter301_rbac_pricing_uom.TestCustomerPricesForSales" name="test_sales_cannot_read_pricelist_admin" time="0.053" /></testsuite></testsuites>