<?xml version="1.0" encoding="utf-8"?><testsuites name="pytest tests"><testsuite name="pytest" errors="0" failures="1" skipped="0" tests="41" time="7.784" timestamp="2026-09-03T11:39:03.987778+00:00" hostname="agent-env-9e8cf22e-30fd-48a5-87ed-1ef292384e2e"><testcase classname="tests.test_iter299_prorata_advance_report.TestPartialDispatchProrata" name="test_01_order_and_advance" time="1.623" /><testcase classname="tests.test_iter299_prorata_advance_report.TestPartialDispatchProrata" name="test_02_partial_dispatch" time="0.229" /><testcase classname="tests.test_iter299_prorata_advance_report.TestPartialDispatchProrata" name="test_03_shipment_revenue_prorata" time="0.002" /><testcase classname="tests.test_iter299_prorata_advance_report.TestPartialDispatchProrata" name="test_04_shipment_cogs" time="0.001" /><testcase classname="tests.test_iter299_prorata_advance_report.TestPartialDispatchProrata" name="test_05_advance_reclass_partial" time="0.001" /><testcase classname="tests.test_iter299_prorata_advance_report.TestPartialDispatchProrata" name="test_06_journey_pct" time="0.084" /><testcase classname="tests.test_iter299_prorata_advance_report.TestClosingShipment" name="test_07_dispatch_remainder" time="0.145" /><testcase classname="tests.test_iter299_prorata_advance_report.TestClosingShipment" name="test_08_totals_exact" time="0.001" /><testcase classname="tests.test_iter299_prorata_advance_report.TestClosingShipment" name="test_09_cogs_proportional" time="0.001" /><testcase classname="tests.test_iter299_prorata_advance_report.TestClosingShipment" name="test_10_advance_reclass_full" time="0.001" /><testcase classname="tests.test_iter299_prorata_advance_report.TestClosingShipment" name="test_11_journey_full_and_idempotent" time="0.431" /><testcase classname="tests.test_iter299_prorata_advance_report.TestClosingShipment" name="test_12_legacy_order_untouched" time="0.001" /><testcase classname="tests.test_iter299_prorata_advance_report.TestVoidAdvance" name="test_13_void_receipt" time="0.074" /><testcase classname="tests.test_iter299_prorata_advance_report.TestVoidAdvance" name="test_14_advance_account_net_zero" time="0.002" /><testcase classname="tests.test_iter299_prorata_advance_report.TestAdvanceReport" name="test_15_second_order_with_advance" time="0.421" /><testcase classname="tests.test_iter299_prorata_advance_report.TestAdvanceReport" name="test_16_report_contents[admin@kainnusantara.id]" time="0.373" /><testcase classname="tests.test_iter299_prorata_advance_report.TestAdvanceReport" name="test_16_report_contents[finance@kainnusantara.id]" time="0.447" /><testcase classname="tests.test_iter299_prorata_advance_report.TestAdvanceReport" name="test_17_search_filter" time="0.152" /><testcase classname="tests.test_iter299_prorata_advance_report.TestAdvanceReport" name="test_18_sales_role_forbidden" time="0.363"><failure message="AssertionError: spesifikasi menuntut 403 untuk sales@, dapat 200 — router GET /api/ar/advance-report menerima ar_receipt.view yang dimiliki peran sales: {&quot;generated_at&quot;:&quot;2026-09-03T11:39:08.737907+00:00&quot;,&quot;totals&quot;:{&quot;advance_orders&quot;:2486400.0,&quot;deposit_balance&quot;:750000.0,&quot;liability&quot;:3236400.0,&quot;customers&quot;:1,&quot;orders&quot;:1,&quot;buckets&quot;:{&quot;0_30&quot;:2486400.0,&quot;31_60&quot;:0.&#10;assert 200 == 403&#10; +  where 200 = &lt;Response [200]&gt;.status_code">self = &lt;test_iter299_prorata_advance_report.TestAdvanceReport object at 0xfb25748e95d0&gt;
sales_hdr = {'Authorization': 'Bearer DyrX3l19-6Z2sno5cq98BCtoKCLP0DZM2lm3WW2kcVQ', 'Content-Type': 'application/json', 'X-Entity-Id': 'ent_ksc'}

    def test_18_sales_role_forbidden(self, sales_hdr):
        r = requests.get(f"{BASE}/ar/advance-report", headers=sales_hdr,
                         params={"entity_id": ENT}, timeout=60)
        print("sales@ -&gt;", r.status_code)
        # CATATAN (temuan iterasi 299): router memberi izin `ar_receipt.view`, dan peran
        # `sales` MEMANG punya izin itu (permissions_config.py baris 131) → 200, bukan 403.
&gt;       assert r.status_code == 403, (
            f"spesifikasi menuntut 403 untuk sales@, dapat {r.status_code} — "
            f"router GET /api/ar/advance-report menerima ar_receipt.view yang dimiliki peran sales: "
            f"{r.text[:200]}")
E       AssertionError: spesifikasi menuntut 403 untuk sales@, dapat 200 — router GET /api/ar/advance-report menerima ar_receipt.view yang dimiliki peran sales: {"generated_at":"2026-09-03T11:39:08.737907+00:00","totals":{"advance_orders":2486400.0,"deposit_balance":750000.0,"liability":3236400.0,"customers":1,"orders":1,"buckets":{"0_30":2486400.0,"31_60":0.
E       assert 200 == 403
E        +  where 200 = &lt;Response [200]&gt;.status_code

backend/tests/test_iter299_prorata_advance_report.py:375: AssertionError</failure></testcase><testcase classname="tests.test_iter299_prorata_advance_report.TestTrialBalance" name="test_19_trial_balance_balanced" time="0.071" /><testcase classname="tests.test_iter299_prorata_advance_report.TestTrialBalance" name="test_20_finance_desk_partial_advance" time="0.397" /><testcase classname="tests.test_iter297_revenue_policy.TestAdvancePolicy" name="test_payment_before_shipment_is_liability_not_revenue" time="0.031" /><testcase classname="tests.test_iter297_revenue_policy.TestAdvancePolicy" name="test_payment_after_shipment_still_credits_receivable" time="0.012" /><testcase classname="tests.test_iter297_revenue_policy.TestAdvancePolicy" name="test_reclass_without_revenue_is_noop" time="0.004" /><testcase classname="tests.test_iter297_revenue_policy.TestProRataPerShipment" name="test_two_shipments_prorata_then_closing_remainder" time="0.039" /><testcase classname="tests.test_iter297_revenue_policy.TestProRataPerShipment" name="test_cancel_reverses_shipment_journals" time="0.014" /><testcase classname="tests.test_iter298_kebpdpt_e2e.TestAdvanceBeforeShipment" name="test_01_create_order_and_advance_receipt" time="0.763" /><testcase classname="tests.test_iter298_kebpdpt_e2e.TestAdvanceBeforeShipment" name="test_02_no_sales_order_je_before_shipment" time="0.083" /><testcase classname="tests.test_iter298_kebpdpt_e2e.TestAdvanceBeforeShipment" name="test_03_cash_je_credits_advance_not_receivable" time="0.001" /><testcase classname="tests.test_iter298_kebpdpt_e2e.TestAdvanceBeforeShipment" name="test_04_journey_reports_advance_unrecognized" time="0.087" /><testcase classname="tests.test_iter298_kebpdpt_e2e.TestAdvanceBeforeShipment" name="test_05_payment_tagged_advance" time="0.070" /><testcase classname="tests.test_iter298_kebpdpt_e2e.TestAdvanceBeforeShipment" name="test_06_finance_desk_advance_queue" time="0.380" /><testcase classname="tests.test_iter298_kebpdpt_e2e.TestDispatchRecognition" name="test_07_pick_and_dispatch" time="0.275" /><testcase classname="tests.test_iter298_kebpdpt_e2e.TestDispatchRecognition" name="test_08_revenue_cogs_and_reclass_je" time="0.001" /><testcase classname="tests.test_iter298_kebpdpt_e2e.TestDispatchRecognition" name="test_09_journey_recognized" time="0.085" /><testcase classname="tests.test_iter298_kebpdpt_e2e.TestDispatchRecognition" name="test_10_idempotent_no_duplicate_je" time="0.295" /><testcase classname="tests.test_iter298_kebpdpt_e2e.TestDispatchRecognition" name="test_11_finance_desk_no_longer_lists_order" time="0.072" /><testcase classname="tests.test_iter298_kebpdpt_e2e.TestReceiptAfterShipment" name="test_12_receipt_after_shipment_credits_receivable" time="0.117" /><testcase classname="tests.test_iter298_kebpdpt_e2e.TestVoidAdvanceReceipt" name="test_13_void_advance_receipt_reverses_reclass" time="0.096" /><testcase classname="tests.test_iter298_kebpdpt_e2e.TestVoidAdvanceReceipt" name="test_14_advance_account_nets_to_zero" time="0.001" /><testcase classname="tests.test_iter298_kebpdpt_e2e.TestRegression" name="test_15_trial_balance_balanced" time="0.076" /></testsuite></testsuites>