<?xml version="1.0" encoding="utf-8"?><testsuites name="pytest tests"><testsuite name="pytest" errors="0" failures="0" skipped="1" tests="9" time="6.132" timestamp="2026-08-30T17:41:48.827824+00:00" hostname="agent-env-5f0ae031-e248-482d-836d-0c1d74693297"><testcase classname="tests.test_roll_pick_and_reallocate" name="test_registry_contains_roll_pick_sales_true" time="1.363" /><testcase classname="tests.test_roll_pick_and_reallocate" name="test_sales_qty_mode_with_toggle_true" time="0.774" /><testcase classname="tests.test_roll_pick_and_reallocate" name="test_sales_roll_mode_blocked_when_toggle_false" time="0.677" /><testcase classname="tests.test_roll_pick_and_reallocate" name="test_sales_qty_mode_still_ok_when_toggle_false" time="0.580" /><testcase classname="tests.test_roll_pick_and_reallocate" name="test_admin_roll_mode_still_ok_when_toggle_false" time="0.636" /><testcase classname="tests.test_roll_pick_and_reallocate" name="test_reallocate_success_swap_rolls" time="1.223" /><testcase classname="tests.test_roll_pick_and_reallocate" name="test_reallocate_denied_for_sales" time="0.147" /><testcase classname="tests.test_roll_pick_and_reallocate" name="test_reallocate_empty_roll_lines" time="0.103" /><testcase classname="tests.test_roll_pick_and_reallocate" name="test_reallocate_other_entity_roll_denied" time="0.241"><skipped type="pytest.skip" message="No other-entity roll for this product">/app/backend/tests/test_roll_pick_and_reallocate.py:298: No other-entity roll for this product</skipped></testcase></testsuite></testsuites>