<?xml version="1.0" encoding="utf-8"?><testsuites name="pytest tests"><testsuite name="pytest" errors="0" failures="0" skipped="1" tests="9" time="5.720" timestamp="2026-08-30T16:54:31.049831+00:00" hostname="agent-env-0e82f273-8148-461d-9623-4de06e8ce393"><testcase classname="tests.test_roll_pick_and_reallocate" name="test_registry_contains_roll_pick_sales_true" time="1.180" /><testcase classname="tests.test_roll_pick_and_reallocate" name="test_sales_qty_mode_with_toggle_true" time="0.725" /><testcase classname="tests.test_roll_pick_and_reallocate" name="test_sales_roll_mode_blocked_when_toggle_false" time="0.649" /><testcase classname="tests.test_roll_pick_and_reallocate" name="test_sales_qty_mode_still_ok_when_toggle_false" time="0.509" /><testcase classname="tests.test_roll_pick_and_reallocate" name="test_admin_roll_mode_still_ok_when_toggle_false" time="0.664" /><testcase classname="tests.test_roll_pick_and_reallocate" name="test_reallocate_success_swap_rolls" time="1.060" /><testcase classname="tests.test_roll_pick_and_reallocate" name="test_reallocate_denied_for_sales" time="0.135" /><testcase classname="tests.test_roll_pick_and_reallocate" name="test_reallocate_empty_roll_lines" time="0.139" /><testcase classname="tests.test_roll_pick_and_reallocate" name="test_reallocate_other_entity_roll_denied" time="0.305"><skipped type="pytest.skip" message="No other-entity roll for this product">/app/backend/tests/test_roll_pick_and_reallocate.py:298: No other-entity roll for this product</skipped></testcase></testsuite></testsuites>