<?xml version="1.0" encoding="utf-8"?><testsuites name="pytest tests"><testsuite name="pytest" errors="0" failures="0" skipped="0" tests="2" time="1.512" timestamp="2026-09-06T07:17:02.812719+00:00" hostname="agent-env-cd882bc8-493c-428a-a9bf-2ff08da62e6e"><testcase classname="tests.test_wms_advance_expected" name="test_advance_expected_status_ok_then_409" time="0.647" /><testcase classname="tests.test_wms_advance_expected" name="test_advance_without_expected_status_still_works" time="0.078" /></testsuite></testsuites>