<?xml version="1.0" encoding="utf-8"?><testsuites name="pytest tests"><testsuite name="pytest" errors="0" failures="0" skipped="0" tests="14" time="3.830" timestamp="2026-09-06T18:42:18.584788+00:00" hostname="agent-env-cd882bc8-493c-428a-a9bf-2ff08da62e6e"><testcase classname="tests.test_sesi18_regression.TestUsersSuccess" name="test_create_and_patch_user_success" time="0.903" /><testcase classname="tests.test_sesi18_regression.TestSampleRequestSuccess" name="test_create_sample_request_and_cancel" time="0.616" /><testcase classname="tests.test_sesi18_regression.TestPayrollRaceSingleRun" name="test_two_parallel_runs_yield_one" time="0.230" /><testcase classname="tests.test_sesi18_regression.TestRunDepreciationSuccess" name="test_run_depreciation_and_idempotent" time="0.202" /><testcase classname="tests.test_sesi18_regression.TestInputTaxInvoiceSuccess" name="test_create_and_cancel_input_tax" time="0.254" /><testcase classname="tests.test_sesi18_regression.TestDeleteProductTemplate" name="test_delete_synthetic_template" time="0.135" /><testcase classname="tests.test_sesi18_regression.TestEsignVerifyIdempotent" name="test_verify_twice_second_400" time="0.311" /><testcase classname="tests.test_sesi18_regression.TestPutawaySuccess" name="test_putaway_roll_to_bin" time="0.258" /><testcase classname="tests.test_sesi18_regression.TestSagaLockSampling" name="test_product_template_delete_locked_409" time="0.153" /><testcase classname="tests.test_sesi18_regression.TestSagaLockSampling" name="test_rfq_award_locked_409" time="0.147" /><testcase classname="tests.test_sesi18_regression.TestSagaLockSampling" name="test_input_tax_locked_409" time="0.132" /><testcase classname="tests.test_sesi18_regression.TestSagaLockSampling" name="test_special_order_create_pr_locked_409" time="0.135" /><testcase classname="tests.test_sesi18_regression.TestNoLeftoverSagaLocks" name="test_no_leftover_saga_locks" time="0.003" /><testcase classname="tests.test_sesi18_regression.TestSagaLocksEndpoint" name="test_get_saga_locks_lists_new_collections" time="0.183" /></testsuite></testsuites>